
TX_data: 0
Sender:2
next freq:51
rssi:-55
lqi:46

TX_data: 0
Sender:2
next freq:101
rssi:-52
lqi:46

TX_data: 0
Sender:2
next freq:151
rssi:-47
lqi:45

TX_data: 0
Sender:2
next freq:201
rssi:-45
lqi:46

TX_data: 0
Sender:2
next freq:251
rssi:-61
lqi:46

TX_data: 0
Sender:2
next freq:1
rssi:-65
lqi:46

TX_data: 0
Sender:3
next freq:51
rssi:-60
lqi:42

TX_data: 0
Sender:3
next freq:101
rssi:-55
lqi:42

TX_data: 0
Sender:3
next freq:151
rssi:-55
lqi:42

TX_data: 0
Sender:3
next freq:201
rssi:-49
lqi:42

TX_data: 0
Sender:3
next freq:251
rssi:-42
lqi:42

TX_data: 0
Sender:3
next freq:1
rssi:-48
lqi:42

TX_data: 0
Sender:4
next freq:51
rssi:-49
lqi:44

TX_data: 0
Sender:4
next freq:101
rssi:-48
lqi:46

TX_data: 0
Sender:4
next freq:151
rssi:-47
lqi:45

TX_data: 0
Sender:4
next freq:201
rssi:-52
lqi:47

TX_data: 0
Sender:4
next freq:251
rssi:-45
lqi:45

TX_data: 0
Sender:4
next freq:1
rssi:-47
lqi:45

TX_data: 0
Sender:2
next freq:51
rssi:-52
lqi:46

TX_data: 139
Sender:2
next freq:51
rssi:-57
lqi:47

TX_data: 139
Sender:2
next freq:101
rssi:-42
lqi:46

TX_data: 139
Sender:2
next freq:151
rssi:-46
lqi:47

TX_data: 139
Sender:2
next freq:201
rssi:-41
lqi:46

TX_data: 139
Sender:2
next freq:251
rssi:-47
lqi:46

TX_data: 139
Sender:2
next freq:1
rssi:-47
lqi:46

TX_data: 139
Sender:3
next freq:51
rssi:-41
lqi:42

TX_data: 139
Sender:3
next freq:101
rssi:-40
lqi:42

TX_data: 139
Sender:3
next freq:151
rssi:-31
lqi:43

TX_data: 139
Sender:3
next freq:201
rssi:-31
lqi:42

TX_data: 139
Sender:3
next freq:251
rssi:-40
lqi:43

TX_data: 139
Sender:4
next freq:51
rssi:-33
lqi:47

TX_data: 139
Sender:4
next freq:101
rssi:-31
lqi:44

TX_data: 139
Sender:4
next freq:151
rssi:-31
lqi:46

TX_data: 139
Sender:4
next freq:201
rssi:-40
lqi:46

TX_data: 139
Sender:4
next freq:251
rssi:-65
lqi:44

TX_data: 139
Sender:4
next freq:1
rssi:-36
lqi:45

TX_data: 139
Sender:2
next freq:51
rssi:-53
lqi:46

TX_data: 139
Sender:2
next freq:101
rssi:-48
lqi:46

TX_data: 139
Sender:2
next freq:151
rssi:-26
lqi:45

TX_data: 139
Sender:2
next freq:201
rssi:-32
lqi:45

TX_data: 139
Sender:2
next freq:251
rssi:-28
lqi:46

TX_data: 444
Sender:2
next freq:51
rssi:-52
lqi:46

TX_data: 444
Sender:2
next freq:101
rssi:-54
lqi:45

TX_data: 444
Sender:2
next freq:151
rssi:-64
lqi:46

TX_data: 444
Sender:2
next freq:201
rssi:-51
lqi:46

TX_data: 444
Sender:2
next freq:251
rssi:-49
lqi:45

TX_data: 444
Sender:2
next freq:1
rssi:-41
lqi:46

TX_data: 444
Sender:3
next freq:51
rssi:-54
lqi:42

TX_data: 444
Sender:3
next freq:101
rssi:-49
lqi:42

TX_data: 444
Sender:3
next freq:151
rssi:-64
lqi:42

TX_data: 444
Sender:3
next freq:201
rssi:-50
lqi:42

TX_data: 444
Sender:3
next freq:251
rssi:-58
lqi:42

TX_data: 444
Sender:3
next freq:1
rssi:-50
lqi:42

TX_data: 444
Sender:4
next freq:51
rssi:-50
lqi:45

TX_data: 444
Sender:4
next freq:101
rssi:-50
lqi:44

TX_data: 444
Sender:4
next freq:151
rssi:-53
lqi:45

TX_data: 444
Sender:4
next freq:201
rssi:-57
lqi:44

TX_data: 444
Sender:4
next freq:251
rssi:-49
lqi:45

TX_data: 444
Sender:4
next freq:1
rssi:-46
lqi:45

TX_data: 444
Sender:2
next freq:51
rssi:-47
lqi:46

TX_data: 444
Sender:2
next freq:101
rssi:-47
lqi:46

TX_data: 444
Sender:2
next freq:151
rssi:-49
lqi:45

TX_data: 444
Sender:2
next freq:201
rssi:-48
lqi:45

TX_data: 444
Sender:2
next freq:251
rssi:-52
lqi:45

TX_data: 444
Sender:2
next freq:1
rssi:-45
lqi:46

TX_data: 444
Sender:3
next freq:51
rssi:-65
lqi:42

TX_data: 444
Sender:3
next freq:101
rssi:-52
lqi:42

TX_data: 444
Sender:3
next freq:151
rssi:-47
lqi:42

TX_data: 444
Sender:3
next freq:201
rssi:-68
lqi:42

TX_data: 444
Sender:3
next freq:251
rssi:-49
lqi:43

TX_data: 444
Sender:3
next freq:1
rssi:-51
lqi:43

TX_data: 444
Sender:4
next freq:51
rssi:-47
lqi:44

TX_data: 444
Sender:4
next freq:101
rssi:-50
lqi:45

TX_data: 444
Sender:4
next freq:151
rssi:-47
lqi:44

TX_data: 444
Sender:4
next freq:201
rssi:-41
lqi:45

TX_data: 444
Sender:4
next freq:251
rssi:-58
lqi:45

TX_data: 444
Sender:4
next freq:1
rssi:-50
lqi:44

TX_data: 444
Sender:2
next freq:51
rssi:-51
lqi:45

TX_data: 444
Sender:2
next freq:101
rssi:-51
lqi:45

TX_data: 444
Sender:2
next freq:151
rssi:-49
lqi:46

TX_data: 444
Sender:2
next freq:201
rssi:-50
lqi:45

TX_data: 444
Sender:2
next freq:251
rssi:-49
lqi:46

TX_data: 444
Sender:2
next freq:1
rssi:-50
lqi:45

TX_data: 633
Sender:2
next freq:51
rssi:-37
lqi:46

TX_data: 633
Sender:2
next freq:101
rssi:-36
lqi:46

TX_data: 633
Sender:2
next freq:151
rssi:-40
lqi:46

TX_data: 633
Sender:2
next freq:201
rssi:-46
lqi:46

TX_data: 633
Sender:2
next freq:251
rssi:-33
lqi:46

TX_data: 633
Sender:2
next freq:1
rssi:-35
lqi:46

TX_data: 633
Sender:3
next freq:51
rssi:-34
lqi:43

TX_data: 633
Sender:3
next freq:101
rssi:-51
lqi:43

TX_data: 633
Sender:3
next freq:151
rssi:-52
lqi:43

TX_data: 633
Sender:3
next freq:201
rssi:-32
lqi:43

TX_data: 633
Sender:3
next freq:251
rssi:-33
lqi:43

TX_data: 633
Sender:4
next freq:51
rssi:-38
lqi:47

TX_data: 633
Sender:4
next freq:101
rssi:-38
lqi:44

TX_data: 633
Sender:4
next freq:151
rssi:-41
lqi:44

TX_data: 633
Sender:4
next freq:201
rssi:-48
lqi:46

TX_data: 633
Sender:4
next freq:251
rssi:-36
lqi:44

TX_data: 633
Sender:4
next freq:1
rssi:-39
lqi:47

TX_data: 632
Sender:2
next freq:51
rssi:-32
lqi:46

TX_data: 632
Sender:2
next freq:101
rssi:-39
lqi:45

TX_data: 632
Sender:2
next freq:151
rssi:-46
lqi:45

TX_data: 632
Sender:2
next freq:201
rssi:-41
lqi:45

TX_data: 632
Sender:2
next freq:251
rssi:-41
lqi:46

TX_data: 632
Sender:2
next freq:1
rssi:-36
lqi:46

TX_data: 632
Sender:3
next freq:51
rssi:-35
lqi:42

TX_data: 632
Sender:3
next freq:101
rssi:-32
lqi:42

TX_data: 632
Sender:3
next freq:151
rssi:-32
lqi:42

TX_data: 632
Sender:3
next freq:201
rssi:-27
lqi:42

TX_data: 632
Sender:3
next freq:251
rssi:-40
lqi:42

TX_data: 632
Sender:4
next freq:51
rssi:-42
lqi:45

TX_data: 632
Sender:4
next freq:101
rssi:-38
lqi:46

TX_data: 632
Sender:4
next freq:151
rssi:-34
lqi:45

TX_data: 632
Sender:4
next freq:201
rssi:-40
lqi:48

TX_data: 632
Sender:4
next freq:251
rssi:-39
lqi:47

TX_data: 632
Sender:4
next freq:1
rssi:-34
lqi:47

TX_data: 883
Sender:2
next freq:51
rssi:-38
lqi:46

TX_data: 883
Sender:2
next freq:101
rssi:-37
lqi:46

TX_data: 883
Sender:2
next freq:151
rssi:-35
lqi:45

TX_data: 883
Sender:2
next freq:201
rssi:-35
lqi:45

TX_data: 883
Sender:2
next freq:251
rssi:-34
lqi:46

TX_data: 883
Sender:2
next freq:1
rssi:-34
lqi:46

TX_data: 883
Sender:3
next freq:51
rssi:-42
lqi:42

TX_data: 883
Sender:3
next freq:101
rssi:-45
lqi:42

TX_data: 883
Sender:3
next freq:151
rssi:-40
lqi:42

TX_data: 883
Sender:3
next freq:201
rssi:-46
lqi:43

TX_data: 883
Sender:3
next freq:251
rssi:-40
lqi:42

TX_data: 883
Sender:4
next freq:51
rssi:-40
lqi:46

TX_data: 883
Sender:4
next freq:101
rssi:-41
lqi:47

TX_data: 883
Sender:4
next freq:151
rssi:-39
lqi:49

TX_data: 883
Sender:4
next freq:201
rssi:-35
lqi:47

TX_data: 883
Sender:4
next freq:251
rssi:-29
lqi:46

TX_data: 883
Sender:4
next freq:1
rssi:-35
lqi:46

TX_data: 884
Sender:2
next freq:51
rssi:-45
lqi:45

TX_data: 884
Sender:2
next freq:101
rssi:-52
lqi:46

TX_data: 884
Sender:2
next freq:151
rssi:-41
lqi:45

TX_data: 884
Sender:2
next freq:201
rssi:-46
lqi:45

TX_data: 884
Sender:2
next freq:251
rssi:-48
lqi:44

TX_data: 884
Sender:2
next freq:1
rssi:-39
lqi:45

TX_data: 884
Sender:3
next freq:51
rssi:-40
lqi:42

TX_data: 884
Sender:3
next freq:101
rssi:-41
lqi:42

TX_data: 884
Sender:3
next freq:151
rssi:-52
lqi:42

TX_data: 884
Sender:3
next freq:201
rssi:-56
lqi:42

TX_data: 884
Sender:3
next freq:251
rssi:-58
lqi:42

TX_data: 884
Sender:4
next freq:51
rssi:-49
lqi:46

TX_data: 884
Sender:4
next freq:101
rssi:-47
lqi:44

TX_data: 884
Sender:4
next freq:151
rssi:-44
lqi:45

TX_data: 884
Sender:4
next freq:201
rssi:-45
lqi:48

TX_data: 884
Sender:4
next freq:251
rssi:-45
lqi:46
