
Init CC1101...
Partnumber:00
Version:14
...done
Cfg_reg:
07 2E 80 07 57 43 3E 0E 45 05 
01 08 00 10 B0 71 F5 83 13 A0 
F8 15 07 0C 18 16 6C 03 40 91 
02 26 09 56 07 A9 0A 00 11 55 
00 59 7F 3F 81 3F 0B 
PaTable:
6C 1C 06 3A 51 85 C8 C0 
CC1101 TX Demo for MSP430
sensor:72
TX_FIFO:050205004833
 #:00
TX_FIFO:050205004833
 #:01
TX_FIFO:050205004833
 #:02
TX_FIFO:050205004833
 #:03
TX_FIFO:050205004833
Pkt->:
ACK! RSSI:-58 LQI:2B CRC:00
next channel:51
TX_FIFO:050205004865
 #:00
TX_FIFO:050205004865
Pkt->:
ACK! RSSI:-57 LQI:2D CRC:00
next channel:101
TX_FIFO:050205004897
 #:00
TX_FIFO:050205004897
Pkt->:
ACK! RSSI:-57 LQI:2B CRC:00
next channel:151
TX_FIFO:0502050048C9
 #:00
TX_FIFO:0502050048C9
Pkt->:
ACK! RSSI:-52 LQI:2C CRC:00
next channel:201
TX_FIFO:0502050048FB
 #:00
TX_FIFO:0502050048FB
Pkt->:
ACK! RSSI:-51 LQI:2C CRC:00
next channel:251
TX_FIFO:050205004801
 #:00
TX_FIFO:050205004801
Pkt->:
ACK! RSSI:-47 LQI:2E CRC:00
next channel:1
TX_FIFO:050305004833
 #:00
TX_FIFO:050305004833
 #:01
TX_FIFO:050305004833
 #:02
TX_FIFO:050305004833
 #:03
TX_FIFO:050305004833
 #:04
TX_FIFO:050305004833
 #:05
TX_FIFO:050305004833
Pkt->:
ACK! RSSI:-58 LQI:2D CRC:00
next channel:51
TX_FIFO:050305004865
 #:00
TX_FIFO:050305004865
Pkt->:
ACK! RSSI:-57 LQI:2C CRC:00
next channel:101
TX_FIFO:050305004897
 #:00
TX_FIFO:050305004897
Pkt->:
ACK! RSSI:-53 LQI:2D CRC:00
next channel:151
TX_FIFO:0503050048C9
 #:00
TX_FIFO:0503050048C9
Pkt->:
ACK! RSSI:-53 LQI:2B CRC:00
next channel:201
TX_FIFO:0503050048FB
 #:00
TX_FIFO:0503050048FB
Pkt->:
ACK! RSSI:-53 LQI:2A CRC:00
next channel:251
TX_FIFO:050305004801
 #:00
TX_FIFO:050305004801
Pkt->:
ACK! RSSI:-54 LQI:2E CRC:00
next channel:1
TX_FIFO:050405004833
 #:00
TX_FIFO:050405004833
 #:01
TX_FIFO:050405004833
 #:02
TX_FIFO:050405004833
 #:03
TX_FIFO:050405004833
 #:04
TX_FIFO:050405004833
 #:05
TX_FIFO:050405004833
 #:00
TX_FIFO:050405004833
 #:01
TX_FIFO:050405004833
 #:02
TX_FIFO:050405004833
 #:03
TX_FIFO:050405004833
 #:04
TX_FIFO:050405004833
Pkt->:
ACK! RSSI:-56 LQI:2D CRC:00
next channel:51
TX_FIFO:050405004865
 #:00
TX_FIFO:050405004865
Pkt->:
ACK! RSSI:-52 LQI:2D CRC:00
next channel:101
TX_FIFO:050405004897
 #:00
TX_FIFO:050405004897
Pkt->:
ACK! RSSI:-49 LQI:2D CRC:00
next channel:151
TX_FIFO:0504050048C9
 #:00
TX_FIFO:0504050048C9
Pkt->:
ACK! RSSI:-47 LQI:2D CRC:00
next channel:201
TX_FIFO:0504050048FB
 #:00
TX_FIFO:0504050048FB
Pkt->:
ACK! RSSI:-49 LQI:2C CRC:00
next channel:251
TX_FIFO:050405004801
 #:00
TX_FIFO:050405004801
Pkt->:
ACK! RSSI:-55 LQI:2D CRC:00
next channel:1

Init CC1101...
Partnumber:00
Version:14
...done
Cfg_reg:
07 2E 80 07 57 43 3E 0E 45 05 
01 08 00 10 B0 71 F5 83 13 A0 
F8 15 07 0C 18 16 6C 03 40 91 
02 26 09 56 07 A9 0A 00 11 65 
00 59 7F 3F 81 3F 0B 
PaTable:
6C 1C 06 3A 51 85 C8 C0 
CC1101 TX Demo for MSP430
sensor:72
TX_FIFO:050205004833
 #:00
TX_FIFO:050205004833
 #:01
TX_FIFO:050205004833
 #:02
TX_FIFO:050205004833
 #:03
TX_FIFO:050205004833
 #:04
TX_FIFO:050205004833
 #:05
TX_FIFO:050205004833
 #:00
TX_FIFO:050205004833
 #:01
TX_FIFO:050205004833
Pkt->:
ACK! RSSI:-41 LQI:2A CRC:00
next channel:51
TX_FIFO:050205004865
 #:00
TX_FIFO:050205004865
Pkt->:
ACK! RSSI:-43 LQI:2D CRC:00
next channel:101
TX_FIFO:050205004897
 #:00
TX_FIFO:050205004897
Pkt->:
ACK! RSSI:-41 LQI:28 CRC:00
next channel:151
TX_FIFO:0502050048C9
 #:00
TX_FIFO:0502050048C9
Pkt->:
ACK! RSSI:-42 LQI:2B CRC:00
next channel:201
TX_FIFO:0502050048FB
 #:00
TX_FIFO:0502050048FB
Pkt->:
ACK! RSSI:-42 LQI:2B CRC:00
next channel:251
TX_FIFO:050205004801
 #:00
TX_FIFO:050205004801
Pkt->:
ACK! RSSI:-43 LQI:29 CRC:00
next channel:1
TX_FIFO:050305004833
 #:00
TX_FIFO:050305004833
 #:01
TX_FIFO:050305004833
 #:02
TX_FIFO:050305004833
 #:03
TX_FIFO:050305004833
Pkt->:
ACK! RSSI:-46 LQI:2C CRC:00
next channel:51
TX_FIFO:050305004865
 #:00
TX_FIFO:050305004865
Pkt->:
ACK! RSSI:-47 LQI:2C CRC:00
next channel:101
TX_FIFO:050305004897
 #:00
TX_FIFO:050305004897
Pkt->:
ACK! RSSI:-50 LQI:2D CRC:00
next channel:151
TX_FIFO:0503050048C9
 #:00
TX_FIFO:0503050048C9
Pkt->:
ACK! RSSI:-69 LQI:2B CRC:00
next channel:201
TX_FIFO:0503050048FB
 #:00
TX_FIFO:0503050048FB
Pkt->:
ACK! RSSI:-59 LQI:2B CRC:00
next channel:251
TX_FIFO:050305004801
 #:00
TX_FIFO:050305004801
Pkt->:
ACK! RSSI:-47 LQI:2B CRC:00
next channel:1
TX_FIFO:050405004833
 #:00
TX_FIFO:050405004833
 #:01
TX_FIFO:050405004833
 #:02
TX_FIFO:050405004833
 #:03
TX_FIFO:050405004833
 #:04
TX_FIFO:050405004833
 #:05
TX_FIFO:050405004833
 #:00
TX_FIFO:050405004833
 #:01
TX_FIFO:050405004833
 #:02
TX_FIFO:050405004833
 #:03
TX_FIFO:050405004833
 #:04
TX_FIFO:050405004833
Pkt->:
ACK! RSSI:-44 LQI:2D CRC:00
next channel:51
TX_FIFO:050405004865
 #:00
TX_FIFO:050405004865
Pkt->:
ACK! RSSI:-46 LQI:2D CRC:00
next channel:101
TX_FIFO:050405004897
 #:00
TX_FIFO:050405004897
Pkt->:
ACK! RSSI:-47 LQI:2D CRC:00
next channel:151
TX_FIFO:0504050048C9
 #:00
TX_FIFO:0504050048C9
Pkt->:
ACK! RSSI:-49 LQI:2D CRC:00
next channel:201
TX_FIFO:0504050048FB
 #:00
TX_FIFO:0504050048FB
Pkt->:
ACK! RSSI:-50 LQI:2D CRC:00
next channel:251
TX_FIFO:050405004801
 #:00
TX_FIFO:050405004801
Pkt->:
ACK! RSSI:-46 LQI:2D CRC:00
next channel:1

Init CC1101...
Partnumber:00
Version:14
...done
Cfg_reg:
07 2E 80 07 57 43 3E 0E 45 05 
01 08 00 10 B0 71 F5 83 13 A0 
F8 15 07 0C 18 16 6C 03 40 91 
02 26 09 56 07 A9 0A 00 11 65 
00 59 7F 3F 81 3F 0B 
PaTable:
6C 1C 06 3A 51 85 C8 C0 
CC1101 TX Demo for MSP430
sensor:72
TX_FIFO:050205004833
 #:00
TX_FIFO:050205004833
 #:01
TX_FIFO:050205004833
Pkt->:
ACK! RSSI:-44 LQI:2E CRC:00
next channel:51
TX_FIFO:050205004865
 #:00
TX_FIFO:050205004865
Pkt->:
ACK! RSSI:-43 LQI:28 CRC:00
next channel:101
TX_FIFO:050205004897
 #:00
TX_FIFO:050205004897
Pkt->:
ACK! RSSI:-41 LQI:29 CRC:00
next channel:151
TX_FIFO:0502050048C9
 #:00
TX_FIFO:0502050048C9
Pkt->:
ACK! RSSI:-40 LQI:28 CRC:00
next channel:201
TX_FIFO:0502050048FB
 #:00
TX_FIFO:0502050048FB
Pkt->:
ACK! RSSI:-41 LQI:2C CRC:00
next channel:251
TX_FIFO:050205004801
 #:00
TX_FIFO:050205004801
Pkt->:
ACK! RSSI:-42 LQI:29 CRC:00
next channel:1
TX_FIFO:050305004833
 #:00
TX_FIFO:050305004833
 #:01
TX_FIFO:050305004833
 #:02
TX_FIFO:050305004833
 #:03
TX_FIFO:050305004833
 #:04
TX_FIFO:050305004833
 #:05
TX_FIFO:050305004833
 #:00
TX_FIFO:050305004833
 #:01
TX_FIFO:050305004833
 #:02
TX_FIFO:050305004833
 #:03
TX_FIFO:050305004833
 #:04
TX_FIFO:050305004833
 #:05
TX_FIFO:050305004833
 #:00
TX_FIFO:050305004833
 #:01
TX_FIFO:050305004833
Pkt->:
ACK! RSSI:-66 LQI:2C CRC:00
next channel:51
TX_FIFO:050305004865
 #:00
TX_FIFO:050305004865
Pkt->:
ACK! RSSI:-62 LQI:2B CRC:00
next channel:101
TX_FIFO:050305004897
 #:00
TX_FIFO:050305004897
Pkt->:
ACK! RSSI:-55 LQI:2B CRC:00
next channel:151
TX_FIFO:0503050048C9
 #:00
TX_FIFO:0503050048C9
Pkt->:
ACK! RSSI:-51 LQI:2D CRC:00
next channel:201
TX_FIFO:0503050048FB
 #:00
TX_FIFO:0503050048FB
Pkt->:
ACK! RSSI:-48 LQI:2C CRC:00
next channel:251
TX_FIFO:050305004801
 #:00
TX_FIFO:050305004801
Pkt->:
ACK! RSSI:-51 LQI:2B CRC:00
next channel:1
TX_FIFO:050405004833
 #:00
TX_FIFO:050405004833
 #:01
TX_FIFO:050405004833
 #:02
TX_FIFO:050405004833
 #:03
TX_FIFO:050405004833
 #:04
TX_FIFO:050405004833
 #:05
TX_FIFO:050405004833
 #:00
TX_FIFO:050405004833
 #:01
TX_FIFO:050405004833
 #:02
TX_FIFO:050405004833
Pkt->:
ACK! RSSI:-56 LQI:2D CRC:00
next channel:51
TX_FIFO:050405004865
 #:00
TX_FIFO:050405004865
Pkt->:
ACK! RSSI:-52 LQI:2D CRC:00
next channel:101
TX_FIFO:050405004897
 #:00
TX_FIFO:050405004897
Pkt->:
ACK! RSSI:-53 LQI:2D CRC:00
next channel:151
TX_FIFO:0504050048C9
 #:00
TX_FIFO:0504050048C9
Pkt->:
ACK! RSSI:-55 LQI:2D CRC:00
next channel:201
TX_FIFO:0504050048FB
 #:00
TX_FIFO:0504050048FB
Pkt->:
ACK! RSSI:-52 LQI:2D CRC:00
next channel:251
TX_FIFO:050405004801
 #:00
TX_FIFO:050405004801
Pkt->:
ACK! RSSI:-47 LQI:2D CRC:00
next channel:1

Init CC1101...
Partnumber:00
Version:14
...done
Cfg_reg:
07 2E 80 07 57 43 3E 0E 45 05 
01 08 00 10 B0 71 F5 83 13 A0 
F8 15 07 0C 18 16 6C 03 40 91 
02 26 09 56 07 A9 0A 00 11 65 
00 59 7F 3F 81 3F 0B 
PaTable:
6C 1C 06 3A 51 85 C8 C0 
CC1101 TX Demo for MSP430
sensor:72
TX_FIFO:050205004833
 #:00
TX_FIFO:050205004833
 #:01
TX_FIFO:050205004833
 #:02
TX_FIFO:050205004833
 #:03
TX_FIFO:050205004833
Pkt->:
ACK! RSSI:-51 LQI:2B CRC:00
next channel:51
TX_FIFO:050205004865
 #:00
TX_FIFO:050205004865
Pkt->:
ACK! RSSI:-52 LQI:2A CRC:00
next channel:101
TX_FIFO:050205004897
 #:00
TX_FIFO:050205004897
Pkt->:
ACK! RSSI:-52 LQI:2A CRC:00
next channel:151
TX_FIFO:0502050048C9
 #:00
TX_FIFO:0502050048C9
Pkt->:
ACK! RSSI:-49 LQI:2A CRC:00
next channel:201
TX_FIFO:0502050048FB
 #:00
TX_FIFO:0502050048FB
Pkt->:
ACK! RSSI:-51 LQI:29 CRC:00
next channel:251
TX_FIFO:050205004801
 #:00
TX_FIFO:050205004801
Pkt->:
ACK! RSSI:-51 LQI:2A CRC:00
next channel:1
TX_FIFO:050305004833
 #:00
TX_FIFO:050305004833
 #:01
TX_FIFO:050305004833
 #:02
TX_FIFO:050305004833
 #:03
TX_FIFO:050305004833
Pkt->:
ACK! RSSI:-55 LQI:2C CRC:00
next channel:51
TX_FIFO:050305004865
 #:00
TX_FIFO:050305004865
Pkt->:
ACK! RSSI:-57 LQI:2C CRC:00
next channel:101
TX_FIFO:050305004897
 #:00
TX_FIFO:050305004897
Pkt->:
ACK! RSSI:-57 LQI:2C CRC:00
next channel:151
TX_FIFO:0503050048C9
 #:00
TX_FIFO:0503050048C9
Pkt->:
ACK! RSSI:-62 LQI:2C CRC:00
next channel:201
TX_FIFO:0503050048FB
 #:00
TX_FIFO:0503050048FB
Pkt->:
ACK! RSSI:-72 LQI:2C CRC:00
next channel:251
TX_FIFO:050305004801
 #:00
TX_FIFO:050305004801
Pkt->:
ACK! RSSI:-64 LQI:2C CRC:00
next channel:1
TX_FIFO:050405004833
 #:00
TX_FIFO:050405004833
 #:01
TX_FIFO:050405004833
 #:02
TX_FIFO:050405004833
Pkt->:
ACK! RSSI:-60 LQI:2D CRC:00
next channel:51
TX_FIFO:050405004865
 #:00
TX_FIFO:050405004865
Pkt->:
ACK! RSSI:-55 LQI:2D CRC:00
next channel:101
TX_FIFO:050405004897
 #:00
TX_FIFO:050405004897
Pkt->:
ACK! RSSI:-57 LQI:2D CRC:00
next channel:151
TX_FIFO:0504050048C9
 #:00
TX_FIFO:0504050048C9
Pkt->:
ACK! RSSI:-57 LQI:2D CRC:00
next channel:201
TX_FIFO:0504050048FB
 #:00
TX_FIFO:0504050048FB
Pkt->:
ACK! RSSI:-55 LQI:2D CRC:00
next channel:251
TX_FIFO:050405004801
 #:00
TX_FIFO:050405004801
Pkt->:
ACK! RSSI:-51 LQI:2D CRC:00
next channel:1

Init CC1101...
Partnumber:00
Version:14
...done
Cfg_reg:
07 2E 80 07 57 43 3E 0E 45 05 
01 08 00 10 B0 71 F5 83 13 A0 
F8 15 07 0C 18 16 6C 03 40 91 
02 26 09 56 07 A9 0A 00 11 65 
00 59 7F 3F 81 3F 0B 
PaTable:
6C 1C 06 3A 51 85 C8 C0 
CC1101 TX Demo for MSP430
sensor:72
TX_FIFO:050205004833
Pkt->:
ACK! RSSI:-47 LQI:29 CRC:00
next channel:51
TX_FIFO:050205004865
 #:00
TX_FIFO:050205004865
Pkt->:
ACK! RSSI:-48 LQI:2A CRC:00
next channel:101
TX_FIFO:050205004897
 #:00
TX_FIFO:050205004897
Pkt->:
ACK! RSSI:-48 LQI:29 CRC:00
next channel:151
TX_FIFO:0502050048C9
 #:00
TX_FIFO:0502050048C9
Pkt->:
ACK! RSSI:-51 LQI:2A CRC:00
next channel:201
TX_FIFO:0502050048FB
 #:00
TX_FIFO:0502050048FB
Pkt->:
ACK! RSSI:-53 LQI:2A CRC:00
next channel:251
TX_FIFO:050205004801
 #:00
TX_FIFO:050205004801
Pkt->:
ACK! RSSI:-53 LQI:2A CRC:00
next channel:1
TX_FIFO:050305004833
 #:00
TX_FIFO:050305004833
 #:01
TX_FIFO:050305004833
 #:02
TX_FIFO:050305004833
 #:03
TX_FIFO:050305004833
Pkt->:
ACK! RSSI:-63 LQI:2C CRC:00
next channel:51
TX_FIFO:050305004865
 #:00
TX_FIFO:050305004865
Pkt->:
ACK! RSSI:-66 LQI:2B CRC:00
next channel:101
TX_FIFO:050305004897
 #:00
TX_FIFO:050305004897
Pkt->:
ACK! RSSI:-69 LQI:2B CRC:00
next channel:151
TX_FIFO:0503050048C9
 #:00
TX_FIFO:0503050048C9
Pkt->:
ACK! RSSI:-60 LQI:2B CRC:00
next channel:201
TX_FIFO:0503050048FB
 #:00
TX_FIFO:0503050048FB
Pkt->:
ACK! RSSI:-81 LQI:2B CRC:00
next channel:251
TX_FIFO:050305004801
 #:00
TX_FIFO:050305004801
Pkt->:
ACK! RSSI:-63 LQI:2C CRC:00
next channel:1
TX_FIFO:050405004833
 #:00
TX_FIFO:050405004833
 #:01
TX_FIFO:050405004833
 #:02
TX_FIFO:050405004833
 #:03
TX_FIFO:050405004833
 #:04
TX_FIFO:050405004833
 #:05
TX_FIFO:050405004833
 #:00
TX_FIFO:050405004833
 #:01
TX_FIFO:050405004833
 #:02
TX_FIFO:050405004833
 #:03
TX_FIFO:050405004833
 #:04
TX_FIFO:050405004833
Pkt->:
ACK! RSSI:-57 LQI:2D CRC:00
next channel:51
TX_FIFO:050405004865
 #:00
TX_FIFO:050405004865
Pkt->:
ACK! RSSI:-59 LQI:2D CRC:00
next channel:101
TX_FIFO:050405004897
 #:00
TX_FIFO:050405004897
Pkt->:
ACK! RSSI:-58 LQI:2D CRC:00
next channel:151
TX_FIFO:0504050048C9
 #:00
TX_FIFO:0504050048C9
Pkt->:
ACK! RSSI:-55 LQI:2D CRC:00
next channel:201
TX_FIFO:0504050048FB
 #:00
TX_FIFO:0504050048FB
Pkt->:
ACK! RSSI:-63 LQI:2D CRC:00
next channel:251
TX_FIFO:050405004801
 #:00
TX_FIFO:050405004801
Pkt->:
ACK! RSSI:-56 LQI:2D CRC:00
next channel:1

Init CC1101...
Partnumber:00
Version:14
...done
Cfg_reg:
07 2E 80 07 57 43 3E 0E 45 05 
01 08 00 10 B0 71 F5 83 13 A0 
F8 15 07 0C 18 16 6C 03 40 91 
02 26 09 56 07 A9 0A 00 11 65 
00 59 7F 3F 81 3F 0B 
PaTable:
6C 1C 06 3A 51 85 C8 C0 
CC1101 TX Demo for MSP430
sensor:72
TX_FIFO:050205004833
Pkt->:
ACK! RSSI:-58 LQI:29 CRC:00
next channel:51
TX_FIFO:050205004865
 #:00
TX_FIFO:050205004865
Pkt->:
ACK! RSSI:-63 LQI:2A CRC:00
next channel:101
TX_FIFO:050205004897
 #:00
TX_FIFO:050205004897
Pkt->:
ACK! RSSI:-79 LQI:2A CRC:00
next channel:151
TX_FIFO:0502050048C9
 #:00
TX_FIFO:0502050048C9
Pkt->:
ACK! RSSI:-70 LQI:2A CRC:00
next channel:201
TX_FIFO:0502050048FB
 #:00
TX_FIFO:0502050048FB
Pkt->:
ACK! RSSI:-60 LQI:2A CRC:00
next channel:251
TX_FIFO:050205004801
 #:00
TX_FIFO:050205004801
Pkt->:
ACK! RSSI:-56 LQI:29 CRC:00
next channel:1
TX_FIFO:050305004833
 #:00
TX_FIFO:050305004833
 #:01
TX_FIFO:050305004833
 #:02
TX_FIFO:050305004833
 #:03
TX_FIFO:050305004833
 #:04
TX_FIFO:050305004833
 #:05
TX_FIFO:050305004833
Pkt->:
ACK! RSSI:-53 LQI:2B CRC:00
next channel:51
TX_FIFO:050305004865
 #:00
TX_FIFO:050305004865
Pkt->:
ACK! RSSI:-53 LQI:2C CRC:00
next channel:101
TX_FIFO:050305004897
 #:00
TX_FIFO:050305004897
Pkt->:
ACK! RSSI:-58 LQI:2C CRC:00
next channel:151
TX_FIFO:0503050048C9
 #:00
TX_FIFO:0503050048C9
Pkt->:
ACK! RSSI:-57 LQI:2C CRC:00
next channel:201
TX_FIFO:0503050048FB
 #:00
TX_FIFO:0503050048FB
Pkt->:
ACK! RSSI:-69 LQI:2C CRC:00
next channel:251
TX_FIFO:050305004801
 #:00
TX_FIFO:050305004801
Pkt->:
ACK! RSSI:-64 LQI:2C CRC:00
next channel:1
TX_FIFO:050405004833
 #:00
TX_FIFO:050405004833
 #:01
TX_FIFO:050405004833
 #:02
TX_FIFO:050405004833
 #:03
TX_FIFO:050405004833
 #:04
TX_FIFO:050405004833
 #:05
TX_FIFO:050405004833
 #:00
TX_FIFO:050405004833
 #:01
TX_FIFO:050405004833
 #:02
TX_FIFO:050405004833
 #:03
TX_FIFO:050405004833
 #:04
TX_FIFO:050405004833
Pkt->:
ACK! RSSI:-58 LQI:2D CRC:00
next channel:51
TX_FIFO:050405004865
 #:00
TX_FIFO:050405004865
Pkt->:
ACK! RSSI:-52 LQI:2D CRC:00
next channel:101
TX_FIFO:050405004897
 #:00
TX_FIFO:050405004897
Pkt->:
ACK! RSSI:-47 LQI:2D CRC:00
next channel:151
TX_FIFO:0504050048C9
 #:00
TX_FIFO:0504050048C9
Pkt->:
ACK! RSSI:-46 LQI:2D CRC:00
next channel:201
TX_FIFO:0504050048FB
 #:00
TX_FIFO:0504050048FB
Pkt->:
ACK! RSSI:-48 LQI:2D CRC:00
next channel:251
TX_FIFO:050405004801
 #:00
TX_FIFO:050405004801
Pkt->:
ACK! RSSI:-52 LQI:2D CRC:00
next channel:1

Init CC1101...
Partnumber:00
Version:14
...done
Cfg_reg:
07 2E 80 07 57 43 3E 0E 45 05 
01 08 00 10 B0 71 F5 83 13 A0 
F8 15 07 0C 18 16 6C 03 40 91 
02 26 09 56 07 A9 0A 00 11 65 
00 59 7F 3F 81 3F 0B 
PaTable:
6C 1C 06 3A 51 85 C8 C0 
CC1101 TX Demo for MSP430
sensor:72
TX_FIFO:050205004833
 #:00
TX_FIFO:050205004833
 #:01
TX_FIFO:050205004833
 #:02
TX_FIFO:050205004833
 #:03
TX_FIFO:050205004833
 #:04
TX_FIFO:050205004833
 #:05
TX_FIFO:050205004833
 #:00
TX_FIFO:050205004833
 #:01
TX_FIFO:050205004833
Pkt->:
ACK! RSSI:-51 LQI:29 CRC:00
next channel:51
TX_FIFO:050205004865
 #:00
TX_FIFO:050205004865
Pkt->:
ACK! RSSI:-52 LQI:2A CRC:00
next channel:101
TX_FIFO:050205004897
 #:00
TX_FIFO:050205004897
Pkt->:
ACK! RSSI:-58 LQI:29 CRC:00
next channel:151
TX_FIFO:0502050048C9
 #:00
TX_FIFO:0502050048C9
Pkt->:
ACK! RSSI:-53 LQI:29 CRC:00
next channel:201
TX_FIFO:0502050048FB
 #:00
TX_FIFO:0502050048FB
Pkt->:
ACK! RSSI:-54 LQI:2A CRC:00
next channel:251
TX_FIFO:050205004801
 #:00
TX_FIFO:050205004801
Pkt->:
ACK! RSSI:-55 LQI:2A CRC:00
next channel:1
TX_FIFO:050305004833
 #:00
TX_FIFO:050305004833
 #:01
TX_FIFO:050305004833
 #:02
TX_FIFO:050305004833
 #:03
TX_FIFO:050305004833
Pkt->:
ACK! RSSI:-62 LQI:2D CRC:00
next channel:51
TX_FIFO:050305004865
 #:00
TX_FIFO:050305004865
Pkt->:
ACK! RSSI:-64 LQI:2C CRC:00
next channel:101
TX_FIFO:050305004897
 #:00
TX_FIFO:050305004897
Pkt->:
ACK! RSSI:-57 LQI:2B CRC:00
next channel:151
TX_FIFO:0503050048C9
 #:00
TX_FIFO:0503050048C9
Pkt->:
ACK! RSSI:-55 LQI:2E CRC:00
next channel:201
TX_FIFO:0503050048FB
 #:00
TX_FIFO:0503050048FB
Pkt->:
ACK! RSSI:-57 LQI:2B CRC:00
next channel:251
TX_FIFO:050305004801
 #:00
TX_FIFO:050305004801
Pkt->:
ACK! RSSI:-54 LQI:2B CRC:00
next channel:1
TX_FIFO:050405004833
 #:00
TX_FIFO:050405004833
 #:01
TX_FIFO:050405004833
 #:02
TX_FIFO:050405004833
Pkt->:
ACK! RSSI:-53 LQI:2D CRC:00
next channel:51
TX_FIFO:050405004865
 #:00
TX_FIFO:050405004865
Pkt->:
ACK! RSSI:-53 LQI:2D CRC:00
next channel:101
TX_FIFO:050405004897
 #:00
TX_FIFO:050405004897
Pkt->:
ACK! RSSI:-56 LQI:2D CRC:00
next channel:151
TX_FIFO:0504050048C9
 #:00
TX_FIFO:0504050048C9
Pkt->:
ACK! RSSI:-69 LQI:2D CRC:00
next channel:201
TX_FIFO:0504050048FB
 #:00
TX_FIFO:0504050048FB
Pkt->:
ACK! RSSI:-71 LQI:2C CRC:00
next channel:251
TX_FIFO:050405004801
 #:00
TX_FIFO:050405004801
Pkt->:
ACK! RSSI:-59 LQI:2D CRC:00
next channel:1

Init CC1101...
Partnumber:00
Version:14
...done
Cfg_reg:
07 2E 80 07 57 43 3E 0E 45 05 
01 08 00 10 B0 71 F5 83 13 A0 
F8 15 07 0C 18 16 6C 03 40 91 
02 26 09 56 07 A9 0A 00 11 65 
00 59 7F 3F 81 3F 0B 
PaTable:
6C 1C 06 3A 51 85 C8 C0 
CC1101 TX Demo for MSP430
sensor:72
TX_FIFO:050205004833
 #:00
TX_FIFO:050205004833
 #:01
TX_FIFO:050205004833
 #:02
TX_FIFO:050205004833
 #:03
TX_FIFO:050205004833
 #:04
TX_FIFO:050205004833
Pkt->:
ACK! RSSI:-44 LQI:2A CRC:00
next channel:51
TX_FIFO:050205004865
 #:00
TX_FIFO:050205004865
Pkt->:
ACK! RSSI:-48 LQI:29 CRC:00
next channel:101
TX_FIFO:050205004897
 #:00
TX_FIFO:050205004897
Pkt->:
ACK! RSSI:-48 LQI:28 CRC:00
next channel:151
TX_FIFO:0502050048C9
 #:00
TX_FIFO:0502050048C9
Pkt->:
ACK! RSSI:-47 LQI:29 CRC:00
next channel:201
TX_FIFO:0502050048FB
 #:00
TX_FIFO:0502050048FB
Pkt->:
ACK! RSSI:-47 LQI:29 CRC:00
next channel:251
TX_FIFO:050205004801
 #:00
TX_FIFO:050205004801
Pkt->:
ACK! RSSI:-47 LQI:2B CRC:00
next channel:1
TX_FIFO:050305004833
 #:00
TX_FIFO:050305004833
 #:01
TX_FIFO:050305004833
 #:02
TX_FIFO:050305004833
 #:03
TX_FIFO:050305004833
Pkt->:
ACK! RSSI:-58 LQI:2C CRC:00
next channel:51
TX_FIFO:050305004865
 #:00
TX_FIFO:050305004865
Pkt->:
ACK! RSSI:-60 LQI:2D CRC:00
next channel:101
TX_FIFO:050305004897
 #:00
TX_FIFO:050305004897
Pkt->:
ACK! RSSI:-76 LQI:2B CRC:00
next channel:151
TX_FIFO:0503050048C9
 #:00
TX_FIFO:0503050048C9
Pkt->:
ACK! RSSI:-54 LQI:2B CRC:00
next channel:201
TX_FIFO:0503050048FB
 #:00
TX_FIFO:0503050048FB
Pkt->:
ACK! RSSI:-59 LQI:2C CRC:00
next channel:251
TX_FIFO:050305004801
 #:00
TX_FIFO:050305004801
Pkt->:
ACK! RSSI:-59 LQI:2C CRC:00
next channel:1
TX_FIFO:050405004833
 #:00
TX_FIFO:050405004833
 #:01
TX_FIFO:050405004833
 #:02
TX_FIFO:050405004833
Pkt->:
ACK! RSSI:-40 LQI:2D CRC:00
next channel:51
TX_FIFO:050405004865
 #:00
TX_FIFO:050405004865
Pkt->:
ACK! RSSI:-41 LQI:2D CRC:00
next channel:101
TX_FIFO:050405004897
 #:00
TX_FIFO:050405004897
Pkt->:
ACK! RSSI:-40 LQI:2D CRC:00
next channel:151
TX_FIFO:0504050048C9
 #:00
TX_FIFO:0504050048C9
Pkt->:
ACK! RSSI:-43 LQI:2D CRC:00
next channel:201
TX_FIFO:0504050048FB
 #:00
TX_FIFO:0504050048FB
Pkt->:
ACK! RSSI:-47 LQI:2D CRC:00
next channel:251
TX_FIFO:050405004801
 #:00
TX_FIFO:050405004801
Pkt->:
ACK! RSSI:-53 LQI:2D CRC:00
next channel:1

Init CC1101...
Partnumber:00
Version:14
...done
Cfg_reg:
07 2E 80 07 57 43 3E 0E 45 05 
01 08 00 10 B0 71 F5 83 13 A0 
F8 15 07 0C 18 16 6C 03 40 91 
02 26 09 56 07 A9 0A 00 11 65 
00 59 7F 3F 81 3F 0B 
PaTable:
6C 1C 06 3A 51 85 C8 C0 
CC1101 TX Demo for MSP430
sensor:72
TX_FIFO:050205004833
 #:00
TX_FIFO:050205004833
 #:01
TX_FIFO:050205004833
Pkt->:
ACK! RSSI:-49 LQI:29 CRC:00
next channel:51
TX_FIFO:050205004865
 #:00
TX_FIFO:050205004865
Pkt->:
ACK! RSSI:-49 LQI:29 CRC:00
next channel:101
TX_FIFO:050205004897
 #:00
TX_FIFO:050205004897
Pkt->:
ACK! RSSI:-52 LQI:29 CRC:00
next channel:151
TX_FIFO:0502050048C9
 #:00
TX_FIFO:0502050048C9
Pkt->:
ACK! RSSI:-52 LQI:29 CRC:00
next channel:201
TX_FIFO:0502050048FB
 #:00
TX_FIFO:0502050048FB
Pkt->:
ACK! RSSI:-55 LQI:2A CRC:00
next channel:251
TX_FIFO:050205004801
 #:00
TX_FIFO:050205004801
Pkt->:
ACK! RSSI:-57 LQI:28 CRC:00
next channel:1
TX_FIFO:050305004833
 #:00
TX_FIFO:050305004833
 #:01
TX_FIFO:050305004833
 #:02
TX_FIFO:050305004833
 #:03
TX_FIFO:050305004833
Pkt->:
ACK! RSSI:-53 LQI:2C CRC:00
next channel:51
TX_FIFO:050305004865
 #:00
TX_FIFO:050305004865
Pkt->:
ACK! RSSI:-52 LQI:2E CRC:00
next channel:101
TX_FIFO:050305004897
 #:00
TX_FIFO:050305004897
Pkt->:
ACK! RSSI:-50 LQI:2B CRC:00
next channel:151
TX_FIFO:0503050048C9
 #:00
TX_FIFO:0503050048C9
Pkt->:
ACK! RSSI:-52 LQI:2B CRC:00
next channel:201
TX_FIFO:0503050048FB
 #:00
TX_FIFO:0503050048FB
Pkt->:
ACK! RSSI:-53 LQI:2C CRC:00
next channel:251
TX_FIFO:050305004801
 #:00
TX_FIFO:050305004801
Pkt->:
ACK! RSSI:-59 LQI:2D CRC:00
next channel:1
TX_FIFO:050405004833
 #:00
TX_FIFO:050405004833
 #:01
TX_FIFO:050405004833
 #:02
TX_FIFO:050405004833
 #:03
TX_FIFO:050405004833
 #:04
TX_FIFO:050405004833
 #:05
TX_FIFO:050405004833
 #:00
TX_FIFO:050405004833
 #:01
TX_FIFO:050405004833
 #:02
TX_FIFO:050405004833
 #:03
TX_FIFO:050405004833
 #:04
TX_FIFO:050405004833
Pkt->:
ACK! RSSI:-44 LQI:2D CRC:00
next channel:51
TX_FIFO:050405004865
 #:00
TX_FIFO:050405004865
Pkt->:
ACK! RSSI:-44 LQI:2D CRC:00
next channel:101
TX_FIFO:050405004897
 #:00
TX_FIFO:050405004897
Pkt->:
ACK! RSSI:-44 LQI:2D CRC:00
next channel:151
TX_FIFO:0504050048C9
 #:00
TX_FIFO:0504050048C9
Pkt->:
ACK! RSSI:-45 LQI:2D CRC:00
next channel:201
TX_FIFO:0504050048FB
 #:00
TX_FIFO:0504050048FB
Pkt->:
ACK! RSSI:-45 LQI:2D CRC:00
next channel:251
TX_FIFO:050405004801
 #:00
TX_FIFO:050405004801
Pkt->:
ACK! RSSI:-46 LQI:2D CRC:00
next channel:1

Init CC1101...
Partnumber:00
Version:14
...done
Cfg_reg:
07 2E 80 07 57 43 3E 0E 45 05 
01 08 00 10 B0 71 F5 83 13 A0 
F8 15 07 0C 18 16 6C 03 40 91 
02 26 09 56 07 A9 0A 00 11 65 
00 59 7F 3F 81 3F 0B 
PaTable:
6C 1C 06 3A 51 85 C8 C0 
CC1101 TX Demo for MSP430
sensor:72
TX_FIFO:050205004833
 #:00
TX_FIFO:050205004833
 #:01
TX_FIFO:050205004833
 #:02
TX_FIFO:050205004833
 #:03
TX_FIFO:050205004833
 #:04
TX_FIFO:050205004833
 #:05
TX_FIFO:050205004833
 #:00
TX_FIFO:050205004833
 #:01
TX_FIFO:050205004833
Pkt->:
ACK! RSSI:-63 LQI:2A CRC:00
next channel:51
TX_FIFO:050205004865
 #:00
TX_FIFO:050205004865
Pkt->:
ACK! RSSI:-58 LQI:29 CRC:00
next channel:101
TX_FIFO:050205004897
 #:00
TX_FIFO:050205004897
Pkt->:
ACK! RSSI:-52 LQI:2B CRC:00
next channel:151
TX_FIFO:0502050048C9
 #:00
TX_FIFO:0502050048C9
Pkt->:
ACK! RSSI:-52 LQI:2A CRC:00
next channel:201
TX_FIFO:0502050048FB
 #:00
TX_FIFO:0502050048FB
Pkt->:
ACK! RSSI:-60 LQI:2B CRC:00
next channel:251
TX_FIFO:050205004801
 #:00
TX_FIFO:050205004801
Pkt->:
ACK! RSSI:-56 LQI:2A CRC:00
next channel:1
TX_FIFO:050305004833
 #:00
TX_FIFO:050305004833
 #:01
TX_FIFO:050305004833
 #:02
TX_FIFO:050305004833
 #:03
TX_FIFO:050305004833
 #:04
TX_FIFO:050305004833
 #:05
TX_FIFO:050305004833
 #:00
TX_FIFO:050305004833
 #:01
TX_FIFO:050305004833
 #:02
TX_FIFO:050305004833
 #:03
TX_FIFO:050305004833
 #:04
TX_FIFO:050305004833
 #:05
TX_FIFO:050305004833
 #:00
TX_FIFO:050305004833
 #:01
TX_FIFO:050305004833
Pkt->:
ACK! RSSI:-55 LQI:2C CRC:00
next channel:51
TX_FIFO:050305004865
 #:00
TX_FIFO:050305004865
Pkt->:
ACK! RSSI:-58 LQI:2C CRC:00
next channel:101
TX_FIFO:050305004897
 #:00
TX_FIFO:050305004897
Pkt->:
ACK! RSSI:-57 LQI:2C CRC:00
next channel:151
TX_FIFO:0503050048C9
 #:00
TX_FIFO:0503050048C9
Pkt->:
ACK! RSSI:-54 LQI:2C CRC:00
next channel:201
TX_FIFO:0503050048FB
 #:00
TX_FIFO:0503050048FB
Pkt->:
ACK! RSSI:-51 LQI:2C CRC:00
next channel:251
TX_FIFO:050305004801
 #:00
TX_FIFO:050305004801
Pkt->:
ACK! RSSI:-47 LQI:2C CRC:00
next channel:1
TX_FIFO:050405004833
 #:00
TX_FIFO:050405004833
 #:01
TX_FIFO:050405004833
 #:02
TX_FIFO:050405004833
 #:03
TX_FIFO:050405004833
 #:04
TX_FIFO:050405004833
 #:05
TX_FIFO:050405004833
 #:00
TX_FIFO:050405004833
 #:01
TX_FIFO:050405004833
 #:02
TX_FIFO:050405004833
 #:03
TX_FIFO:050405004833
 #:04
TX_FIFO:050405004833
Pkt->:
ACK! RSSI:-47 LQI:2D CRC:00
next channel:51
TX_FIFO:050405004865
 #:00
TX_FIFO:050405004865
Pkt->:
ACK! RSSI:-47 LQI:2D CRC:00
next channel:101
TX_FIFO:050405004897
 #:00
TX_FIFO:050405004897
Pkt->:
ACK! RSSI:-47 LQI:2D CRC:00
next channel:151
TX_FIFO:0504050048C9
 #:00
TX_FIFO:0504050048C9
Pkt->:
ACK! RSSI:-45 LQI:2D CRC:00
next channel:201
TX_FIFO:0504050048FB
 #:00
TX_FIFO:0504050048FB
Pkt->:
ACK! RSSI:-44 LQI:2D CRC:00
next channel:251
TX_FIFO:050405004801
 #:00
TX_FIFO:050405004801
Pkt->:
ACK! RSSI:-44 LQI:2D CRC:00
next channel:1

Init CC1101...
Partnumber:00
Version:14
...done
Cfg_reg:
07 2E 80 07 57 43 3E 0E 45 05 
01 08 00 10 B0 71 F5 83 13 A0 
F8 15 07 0C 18 16 6C 03 40 91 
02 26 09 56 07 A9 0A 00 11 65 
00 59 7F 3F 81 3F 0B 
PaTable:
6C 1C 06 3A 51 85 C8 C0 
CC1101 TX Demo for MSP430
sensor:72
TX_FIFO:050205004833
 #:00
TX_FIFO:050205004833
 #:01
TX_FIFO:050205004833
 #:02
TX_FIFO:050205004833
 #:03
TX_FIFO:050205004833
 #:04
TX_FIFO:050205004833
 #:05
TX_FIFO:050205004833
 #:00
TX_FIFO:050205004833
Pkt->:
ACK! RSSI:-44 LQI:2A CRC:00
next channel:51
TX_FIFO:050205004865
 #:00
TX_FIFO:050205004865
Pkt->:
ACK! RSSI:-47 LQI:2A CRC:00
next channel:101
TX_FIFO:050205004897
 #:00
TX_FIFO:050205004897
Pkt->:
ACK! RSSI:-47 LQI:29 CRC:00
next channel:151
TX_FIFO:0502050048C9
 #:00
TX_FIFO:0502050048C9
Pkt->:
ACK! RSSI:-49 LQI:2A CRC:00
next channel:201
TX_FIFO:0502050048FB
 #:00
TX_FIFO:0502050048FB
Pkt->:
ACK! RSSI:-50 LQI:2A CRC:00
next channel:251
TX_FIFO:050205004801
 #:00
TX_FIFO:050205004801
Pkt->:
ACK! RSSI:-47 LQI:2B CRC:00
next channel:1
TX_FIFO:050305004833
 #:00
TX_FIFO:050305004833
 #:01
TX_FIFO:050305004833
 #:02
TX_FIFO:050305004833
 #:03
TX_FIFO:050305004833
Pkt->:
ACK! RSSI:-46 LQI:2C CRC:00
next channel:51
TX_FIFO:050305004865
 #:00
TX_FIFO:050305004865
Pkt->:
ACK! RSSI:-46 LQI:2C CRC:00
next channel:101
TX_FIFO:050305004897
 #:00
TX_FIFO:050305004897
Pkt->:
ACK! RSSI:-48 LQI:2B CRC:00
next channel:151
TX_FIFO:0503050048C9
 #:00
TX_FIFO:0503050048C9
Pkt->:
ACK! RSSI:-49 LQI:2B CRC:00
next channel:201
TX_FIFO:0503050048FB
 #:00
TX_FIFO:0503050048FB
Pkt->:
ACK! RSSI:-47 LQI:2C CRC:00
next channel:251
TX_FIFO:050305004801
 #:00
TX_FIFO:050305004801
Pkt->:
ACK! RSSI:-43 LQI:2B CRC:00
next channel:1
TX_FIFO:050405004833
 #:00
TX_FIFO:050405004833
 #:01
TX_FIFO:050405004833
 #:02
TX_FIFO:050405004833
 #:03
TX_FIFO:050405004833
 #:04
TX_FIFO:050405004833
 #:05
TX_FIFO:050405004833
 #:00
TX_FIFO:050405004833
 #:01
TX_FIFO:050405004833
 #:02
TX_FIFO:050405004833
 #:03
TX_FIFO:050405004833
 #:04
TX_FIFO:050405004833
Pkt->:
ACK! RSSI:-44 LQI:2D CRC:00
next channel:51
TX_FIFO:050405004865
 #:00
TX_FIFO:050405004865
Pkt->:
ACK! RSSI:-46 LQI:2D CRC:00
next channel:101
TX_FIFO:050405004897
 #:00
TX_FIFO:050405004897
Pkt->:
ACK! RSSI:-47 LQI:2D CRC:00
next channel:151
TX_FIFO:0504050048C9
 #:00
TX_FIFO:0504050048C9
Pkt->:
ACK! RSSI:-47 LQI:2D CRC:00
next channel:201
TX_FIFO:0504050048FB
 #:00
TX_FIFO:0504050048FB
Pkt->:
ACK! RSSI:-48 LQI:2D CRC:00
next channel:251
TX_FIFO:050405004801
 #:00
TX_FIFO:050405004801
Pkt->:
ACK! RSSI:-47 LQI:2D CRC:00
next channel:1

Init CC1101...
Partnumber:00
Version:14
...done
Cfg_reg:
07 2E 80 07 57 43 3E 0E 45 05 
01 08 00 10 B0 71 F5 83 13 A0 
F8 15 07 0C 18 16 6C 03 40 91 
02 26 09 56 07 A9 0A 00 11 55 
00 59 7F 3F 81 3F 0B 
PaTable:
6C 1C 06 3A 51 85 C8 C0 
CC1101 TX Demo for MSP430
sensor:72
TX_FIFO:050205004833
Pkt->:
ACK! RSSI:-59 LQI:2A CRC:00
next channel:51
TX_FIFO:050205004865
 #:00
TX_FIFO:050205004865
Pkt->:
ACK! RSSI:-59 LQI:29 CRC:00
next channel:101
TX_FIFO:050205004897
 #:00
TX_FIFO:050205004897
Pkt->:
ACK! RSSI:-61 LQI:29 CRC:00
next channel:151
TX_FIFO:0502050048C9
 #:00
TX_FIFO:0502050048C9
Pkt->:
ACK! RSSI:-60 LQI:2A CRC:00
next channel:201
TX_FIFO:0502050048FB
 #:00
TX_FIFO:0502050048FB
Pkt->:
ACK! RSSI:-55 LQI:29 CRC:00
next channel:251
TX_FIFO:050205004801
 #:00
TX_FIFO:050205004801
Pkt->:
ACK! RSSI:-51 LQI:28 CRC:00
next channel:1
TX_FIFO:050305004833
 #:00
TX_FIFO:050305004833
 #:01
TX_FIFO:050305004833
 #:02
TX_FIFO:050305004833
 #:03
TX_FIFO:050305004833
 #:04
TX_FIFO:050305004833
 #:05
TX_FIFO:050305004833
 #:00
TX_FIFO:050305004833
 #:01
TX_FIFO:050305004833
 #:02
TX_FIFO:050305004833
 #:03
TX_FIFO:050305004833
 #:04
TX_FIFO:050305004833
Pkt->:
ACK! RSSI:-53 LQI:2B CRC:00
next channel:51
TX_FIFO:050305004865
 #:00
TX_FIFO:050305004865
Pkt->:
ACK! RSSI:-54 LQI:2B CRC:00
next channel:101
TX_FIFO:050305004897
 #:00
TX_FIFO:050305004897
Pkt->:
ACK! RSSI:-53 LQI:2B CRC:00
next channel:151
TX_FIFO:0503050048C9
 #:00
TX_FIFO:0503050048C9
Pkt->:
ACK! RSSI:-57 LQI:2C CRC:00
next channel:201
TX_FIFO:0503050048FB
 #:00
TX_FIFO:0503050048FB
Pkt->:
ACK! RSSI:-57 LQI:2C CRC:00
next channel:251
TX_FIFO:050305004801
 #:00
TX_FIFO:050305004801
Pkt->:
ACK! RSSI:-55 LQI:2C CRC:00
next channel:1
TX_FIFO:050405004833
 #:00
TX_FIFO:050405004833
 #:01
TX_FIFO:050405004833
 #:02
TX_FIFO:050405004833
 #:03
TX_FIFO:050405004833
 #:04
TX_FIFO:050405004833
 #:05
TX_FIFO:050405004833
 #:00
TX_FIFO:050405004833
 #:01
TX_FIFO:050405004833
 #:02
TX_FIFO:050405004833
 #:03
TX_FIFO:050405004833
 #:04
TX_FIFO:050405004833
Pkt->:
ACK! RSSI:-51 LQI:2D CRC:00
next channel:51
TX_FIFO:050405004865
 #:00
TX_FIFO:050405004865
Pkt->:
ACK! RSSI:-52 LQI:2D CRC:00
next channel:101
TX_FIFO:050405004897
 #:00
TX_FIFO:050405004897
Pkt->:
ACK! RSSI:-51 LQI:2D CRC:00
next channel:151
TX_FIFO:0504050048C9
 #:00
TX_FIFO:0504050048C9
Pkt->:
ACK! RSSI:-54 LQI:2D CRC:00
next channel:201
TX_FIFO:0504050048FB
 #:00
TX_FIFO:0504050048FB
Pkt->:
ACK! RSSI:-60 LQI:2D CRC:00
next channel:251
TX_FIFO:050405004801
 #:00
TX_FIFO:050405004801
Pkt->:
ACK! RSSI:-57 LQI:2D CRC:00
next channel:1

Init CC1101...
Partnumber:00
Version:14
...done
Cfg_reg:
07 2E 80 07 57 43 3E 0E 45 05 
01 08 00 10 B0 71 F5 83 13 A0 
F8 15 07 0C 18 16 6C 03 40 91 
02 26 09 56 07 A9 0A 00 11 69 
00 59 7F 3F 81 3F 0B 
PaTable:
6C 1C 06 3A 51 85 C8 C0 
CC1101 TX Demo for MSP430
sensor:72
TX_FIFO:050205004833
 #:00
TX_FIFO:050205004833
Pkt->:
ACK! RSSI:-47 LQI:2B CRC:00
next channel:51
TX_FIFO:050205004865
 #:00
TX_FIFO:050205004865
Pkt->:
ACK! RSSI:-47 LQI:29 CRC:00
next channel:101
TX_FIFO:050205004897
 #:00
TX_FIFO:050205004897
Pkt->:
ACK! RSSI:-46 LQI:2A CRC:00
next channel:151
TX_FIFO:0502050048C9
 #:00
TX_FIFO:0502050048C9
Pkt->:
ACK! RSSI:-46 LQI:29 CRC:00
next channel:201
TX_FIFO:0502050048FB
 #:00
TX_FIFO:0502050048FB
Pkt->:
ACK! RSSI:-44 LQI:28 CRC:00
next channel:251
TX_FIFO:050205004801
 #:00
TX_FIFO:050205004801
Pkt->:
ACK! RSSI:-46 LQI:29 CRC:00
next channel:1
TX_FIFO:050305004833
 #:00
TX_FIFO:050305004833
 #:01
TX_FIFO:050305004833
 #:02
TX_FIFO:050305004833
 #:03
TX_FIFO:050305004833
Pkt->:
ACK! RSSI:-51 LQI:2B CRC:00
next channel:51
TX_FIFO:050305004865
 #:00
TX_FIFO:050305004865
Pkt->:
ACK! RSSI:-47 LQI:2B CRC:00
next channel:101
TX_FIFO:050305004897
 #:00
TX_FIFO:050305004897
Pkt->:
ACK! RSSI:-46 LQI:2B CRC:00
next channel:151
TX_FIFO:0503050048C9
 #:00
TX_FIFO:0503050048C9
Pkt->:
ACK! RSSI:-45 LQI:2B CRC:00
next channel:201
TX_FIFO:0503050048FB
 #:00
TX_FIFO:0503050048FB
Pkt->:
ACK! RSSI:-47 LQI:2B CRC:00
next channel:251
TX_FIFO:050305004801
 #:00
TX_FIFO:050305004801
Pkt->:
ACK! RSSI:-46 LQI:2B CRC:00
next channel:1
TX_FIFO:050405004833
 #:00
TX_FIFO:050405004833
 #:01
TX_FIFO:050405004833
 #:02
TX_FIFO:050405004833
 #:03
TX_FIFO:050405004833
 #:04
TX_FIFO:050405004833
 #:05
TX_FIFO:050405004833
 #:00
TX_FIFO:050405004833
 #:01
TX_FIFO:050405004833
 #:02
TX_FIFO:050405004833
Pkt->:
ACK! RSSI:-59 LQI:2D CRC:00
next channel:51
TX_FIFO:050405004865
 #:00
TX_FIFO:050405004865
Pkt->:
ACK! RSSI:-68 LQI:2D CRC:00
next channel:101
TX_FIFO:050405004897
 #:00
TX_FIFO:050405004897
Pkt->:
ACK! RSSI:-87 LQI:2D CRC:00
next channel:151
TX_FIFO:0504050048C9
 #:00
TX_FIFO:0504050048C9
Pkt->:
ACK! RSSI:-66 LQI:2D CRC:00
next channel:201
TX_FIFO:0504050048FB
 #:00
TX_FIFO:0504050048FB
Pkt->:
ACK! RSSI:-73 LQI:2D CRC:00
next channel:251
TX_FIFO:050405004801
 #:00
TX_FIFO:050405004801
Pkt->:
ACK! RSSI:-71 LQI:2D CRC:00
next channel:1

Init CC1101...
Partnumber:00
Version:14
...done
Cfg_reg:
07 2E 80 07 57 43 3E 0E 45 05 
01 08 00 10 B0 71 F5 83 13 A0 
F8 15 07 0C 18 16 6C 03 40 91 
02 26 09 56 07 A9 0A 00 11 65 
00 59 7F 3F 81 3F 0B 
PaTable:
6C 1C 06 3A 51 85 C8 C0 
CC1101 TX Demo for MSP430
sensor:72
TX_FIFO:050205004833
 #:00
TX_FIFO:050205004833
 #:01
TX_FIFO:050205004833
 #:02
TX_FIFO:050205004833
Pkt->:
ACK! RSSI:-52 LQI:2C CRC:00
next channel:51
TX_FIFO:050205004865
 #:00
TX_FIFO:050205004865
Pkt->:
ACK! RSSI:-59 LQI:2D CRC:00
next channel:101
TX_FIFO:050205004897
 #:00
TX_FIFO:050205004897
Pkt->:
ACK! RSSI:-51 LQI:2D CRC:00
next channel:151
TX_FIFO:0502050048C9
 #:00
TX_FIFO:0502050048C9
Pkt->:
ACK! RSSI:-52 LQI:2D CRC:00
next channel:201
TX_FIFO:0502050048FB
 #:00
TX_FIFO:0502050048FB
Pkt->:
ACK! RSSI:-55 LQI:2E CRC:00
next channel:251
TX_FIFO:050205004801
 #:00
TX_FIFO:050205004801
Pkt->:
ACK! RSSI:-54 LQI:29 CRC:00
next channel:1
TX_FIFO:050305004833
 #:00
TX_FIFO:050305004833
 #:01
TX_FIFO:050305004833
 #:02
TX_FIFO:050305004833
 #:03
TX_FIFO:050305004833
 #:04
TX_FIFO:050305004833
 #:05
TX_FIFO:050305004833
 #:00
TX_FIFO:050305004833
 #:01
TX_FIFO:050305004833
 #:02
TX_FIFO:050305004833
 #:03
TX_FIFO:050305004833
 #:04
TX_FIFO:050305004833
 #:05
TX_FIFO:050305004833
 #:00
TX_FIFO:050305004833
 #:01
TX_FIFO:050305004833
 #:02
TX_FIFO:050305004833
 #:03
TX_FIFO:050305004833
 #:04
TX_FIFO:050305004833
 #:05
TX_FIFO:050305004833
Pkt->:
ACK! RSSI:-56 LQI:2B CRC:00
next channel:51
TX_FIFO:050305004865
 #:00
TX_FIFO:050305004865
Pkt->:
ACK! RSSI:-57 LQI:2C CRC:00
next channel:101
TX_FIFO:050305004897
 #:00
TX_FIFO:050305004897
Pkt->:
ACK! RSSI:-58 LQI:2B CRC:00
next channel:151
TX_FIFO:0503050048C9
 #:00
TX_FIFO:0503050048C9
Pkt->:
ACK! RSSI:-59 LQI:2B CRC:00
next channel:201
TX_FIFO:0503050048FB
 #:00
TX_FIFO:0503050048FB
Pkt->:
ACK! RSSI:-63 LQI:2B CRC:00
next channel:251
TX_FIFO:050305004801
 #:00
TX_FIFO:050305004801
Pkt->:
ACK! RSSI:-61 LQI:2B CRC:00
next channel:1
TX_FIFO:050405004833
 #:00
TX_FIFO:050405004833
 #:01
TX_FIFO:050405004833
 #:02
TX_FIFO:050405004833
 #:03
TX_FIFO:050405004833
 #:04
TX_FIFO:050405004833
 #:05
TX_FIFO:050405004833
 #:00
TX_FIFO:050405004833
 #:01
TX_FIFO:050405004833
 #:02
TX_FIFO:050405004833
 #:03
TX_FIFO:050405004833
 #:04
TX_FIFO:050405004833
Pkt->:
ACK! RSSI:-50 LQI:2D CRC:00
next channel:51
TX_FIFO:050405004865
 #:00
TX_FIFO:050405004865
Pkt->:
ACK! RSSI:-47 LQI:2D CRC:00
next channel:101
TX_FIFO:050405004897
 #:00
TX_FIFO:050405004897
Pkt->:
ACK! RSSI:-48 LQI:2D CRC:00
next channel:151
TX_FIFO:0504050048C9
 #:00
TX_FIFO:0504050048C9
Pkt->:
ACK! RSSI:-50 LQI:2D CRC:00
next channel:201
TX_FIFO:0504050048FB
 #:00
TX_FIFO:0504050048FB
Pkt->:
ACK! RSSI:-50 LQI:2C CRC:00
next channel:251
TX_FIFO:050405004801
 #:00
TX_FIFO:050405004801
Pkt->:
ACK! RSSI:-51 LQI:2D CRC:00
next channel:1

Init CC1101...
Partnumber:00
Version:14
...done
Cfg_reg:
07 2E 80 07 57 43 3E 0E 45 05 
01 08 00 10 B0 71 F5 83 13 A0 
F8 15 07 0C 18 16 6C 03 40 91 
02 26 09 56 07 A9 0A 00 11 65 
00 59 7F 3F 81 3F 0B 
PaTable:
6C 1C 06 3A 51 85 C8 C0 
CC1101 TX Demo for MSP430
sensor:72
TX_FIFO:050205004833
 #:00
TX_FIFO:050205004833
 #:01
TX_FIFO:050205004833
 #:02
TX_FIFO:050205004833
 #:03
TX_FIFO:050205004833
 #:04
TX_FIFO:050205004833
 #:05
TX_FIFO:050205004833
Pkt->:
ACK! RSSI:-46 LQI:2B CRC:00
next channel:51
TX_FIFO:050205004865
 #:00
TX_FIFO:050205004865
Pkt->:
ACK! RSSI:-47 LQI:2E CRC:00
next channel:101
TX_FIFO:050205004897
 #:00
TX_FIFO:050205004897
Pkt->:
ACK! RSSI:-47 LQI:2D CRC:00
next channel:151
TX_FIFO:0502050048C9
 #:00
TX_FIFO:0502050048C9
Pkt->:
ACK! RSSI:-47 LQI:2B CRC:00
next channel:201
TX_FIFO:0502050048FB
 #:00
TX_FIFO:0502050048FB
Pkt->:
ACK! RSSI:-45 LQI:29 CRC:00
next channel:251
TX_FIFO:050205004801
 #:00
TX_FIFO:050205004801
Pkt->:
ACK! RSSI:-46 LQI:29 CRC:00
next channel:1
TX_FIFO:050305004833
 #:00
TX_FIFO:050305004833
 #:01
TX_FIFO:050305004833
 #:02
TX_FIFO:050305004833
 #:03
TX_FIFO:050305004833
 #:04
TX_FIFO:050305004833
 #:05
TX_FIFO:050305004833
 #:00
TX_FIFO:050305004833
Pkt->:
ACK! RSSI:-53 LQI:2C CRC:00
next channel:51
TX_FIFO:050305004865
 #:00
TX_FIFO:050305004865
Pkt->:
ACK! RSSI:-53 LQI:2C CRC:00
next channel:101
TX_FIFO:050305004897
 #:00
TX_FIFO:050305004897
Pkt->:
ACK! RSSI:-53 LQI:2B CRC:00
next channel:151
TX_FIFO:0503050048C9
 #:00
TX_FIFO:0503050048C9
Pkt->:
ACK! RSSI:-57 LQI:2D CRC:00
next channel:201
TX_FIFO:0503050048FB
 #:00
TX_FIFO:0503050048FB
Pkt->:
ACK! RSSI:-57 LQI:2C CRC:00
next channel:251
TX_FIFO:050305004801
 #:00
TX_FIFO:050305004801
Pkt->:
ACK! RSSI:-52 LQI:2C CRC:00
next channel:1
TX_FIFO:050405004833
 #:00
TX_FIFO:050405004833
 #:01
TX_FIFO:050405004833
 #:02
TX_FIFO:050405004833
Pkt->:
ACK! RSSI:-52 LQI:2D CRC:00
next channel:51
TX_FIFO:050405004865
 #:00
TX_FIFO:050405004865
Pkt->:
ACK! RSSI:-52 LQI:2D CRC:00
next channel:101
TX_FIFO:050405004897
 #:00
TX_FIFO:050405004897
Pkt->:
ACK! RSSI:-56 LQI:2D CRC:00
next channel:151
TX_FIFO:0504050048C9
 #:00
TX_FIFO:0504050048C9
Pkt->:
ACK! RSSI:-62 LQI:2D CRC:00
next channel:201
TX_FIFO:0504050048FB
 #:00
TX_FIFO:0504050048FB
Pkt->:
ACK! RSSI:-71 LQI:2D CRC:00
next channel:251
TX_FIFO:050405004801
 #:00
TX_FIFO:050405004801
Pkt->:
ACK! RSSI:-63 LQI:2D CRC:00
next channel:1

Init CC1101...
Partnumber:00
Version:14
...done
Cfg_reg:
07 2E 80 07 57 43 3E 0E 45 05 
01 08 00 10 B0 71 F5 83 13 A0 
F8 15 07 0C 18 16 6C 03 40 91 
02 26 09 56 07 A9 0A 00 11 69 
00 59 7F 3F 81 3F 0B 
PaTable:
6C 1C 06 3A 51 85 C8 C0 
CC1101 TX Demo for MSP430
sensor:72
TX_FIFO:050205004833
 #:00
TX_FIFO:050205004833
Pkt->:
ACK! RSSI:-56 LQI:28 CRC:00
next channel:51
TX_FIFO:050205004865
 #:00
TX_FIFO:050205004865
Pkt->:
ACK! RSSI:-60 LQI:29 CRC:00
next channel:101
TX_FIFO:050205004897
 #:00
TX_FIFO:050205004897
Pkt->:
ACK! RSSI:-63 LQI:29 CRC:00
next channel:151
TX_FIFO:0502050048C9
 #:00
TX_FIFO:0502050048C9
Pkt->:
ACK! RSSI:-62 LQI:29 CRC:00
next channel:201
TX_FIFO:0502050048FB
 #:00
TX_FIFO:0502050048FB
Pkt->:
ACK! RSSI:-63 LQI:2A CRC:00
next channel:251
TX_FIFO:050205004801
 #:00
TX_FIFO:050205004801
Pkt->:
ACK! RSSI:-56 LQI:29 CRC:00
next channel:1
TX_FIFO:050305004833
 #:00
TX_FIFO:050305004833
 #:01
TX_FIFO:050305004833
 #:02
TX_FIFO:050305004833
 #:03
TX_FIFO:050305004833
 #:04
TX_FIFO:050305004833
 #:05
TX_FIFO:050305004833
 #:00
TX_FIFO:050305004833
 #:01
TX_FIFO:050305004833
 #:02
TX_FIFO:050305004833
 #:03
TX_FIFO:050305004833
 #:04
TX_FIFO:050305004833
Pkt->:
ACK! RSSI:-48 LQI:2C CRC:00
next channel:51
TX_FIFO:050305004865
 #:00
TX_FIFO:050305004865
Pkt->:
ACK! RSSI:-45 LQI:2B CRC:00
next channel:101
TX_FIFO:050305004897
 #:00
TX_FIFO:050305004897
Pkt->:
ACK! RSSI:-44 LQI:2B CRC:00
next channel:151
TX_FIFO:0503050048C9
 #:00
TX_FIFO:0503050048C9
Pkt->:
ACK! RSSI:-44 LQI:2C CRC:00
next channel:201
TX_FIFO:0503050048FB
 #:00
TX_FIFO:0503050048FB
Pkt->:
ACK! RSSI:-43 LQI:2D CRC:00
next channel:251
TX_FIFO:050305004801
 #:00
TX_FIFO:050305004801
Pkt->:
ACK! RSSI:-42 LQI:2B CRC:00
next channel:1
TX_FIFO:050405004833
 #:00
TX_FIFO:050405004833
 #:01
TX_FIFO:050405004833
 #:02
TX_FIFO:050405004833
Pkt->:
ACK! RSSI:-50 LQI:2D CRC:00
next channel:51
TX_FIFO:050405004865
 #:00
TX_FIFO:050405004865
Pkt->:
ACK! RSSI:-47 LQI:2D CRC:00
next channel:101
TX_FIFO:050405004897
 #:00
TX_FIFO:050405004897
Pkt->:
ACK! RSSI:-44 LQI:2D CRC:00
next channel:151
TX_FIFO:0504050048C9
 #:00
TX_FIFO:0504050048C9
Pkt->:
ACK! RSSI:-42 LQI:2D CRC:00
next channel:201
TX_FIFO:0504050048FB
 #:00
TX_FIFO:0504050048FB
Pkt->:
ACK! RSSI:-42 LQI:2D CRC:00
next channel:251
TX_FIFO:050405004801
 #:00
TX_FIFO:050405004801
Pkt->:
ACK! RSSI:-43 LQI:2D CRC:00
next channel:1

Init CC1101...
Partnumber:00
Version:14
...done
Cfg_reg:
07 2E 80 07 57 43 3E 0E 45 05 
01 08 00 10 B0 71 F5 83 13 A0 
F8 15 07 0C 18 16 6C 03 40 91 
02 26 09 56 07 A9 0A 00 11 65 
00 59 7F 3F 81 3F 0B 
PaTable:
6C 1C 06 3A 51 85 C8 C0 
CC1101 TX Demo for MSP430
sensor:72
TX_FIFO:050205004833
Pkt->:
ACK! RSSI:-56 LQI:29 CRC:00
next channel:51
TX_FIFO:050205004865
 #:00
TX_FIFO:050205004865
Pkt->:
ACK! RSSI:-55 LQI:29 CRC:00
next channel:101
TX_FIFO:050205004897
 #:00
TX_FIFO:050205004897
Pkt->:
ACK! RSSI:-56 LQI:29 CRC:00
next channel:151
TX_FIFO:0502050048C9
 #:00
TX_FIFO:0502050048C9
Pkt->:
ACK! RSSI:-56 LQI:2A CRC:00
next channel:201
TX_FIFO:0502050048FB
 #:00
TX_FIFO:0502050048FB
Pkt->:
ACK! RSSI:-59 LQI:29 CRC:00
next channel:251
TX_FIFO:050205004801
 #:00
TX_FIFO:050205004801
Pkt->:
ACK! RSSI:-61 LQI:29 CRC:00
next channel:1
TX_FIFO:050305004833
 #:00
TX_FIFO:050305004833
 #:01
TX_FIFO:050305004833
 #:02
TX_FIFO:050305004833
 #:03
TX_FIFO:050305004833
 #:04
TX_FIFO:050305004833
 #:05
TX_FIFO:050305004833
 #:00
TX_FIFO:050305004833
Pkt->:
ACK! RSSI:-53 LQI:2C CRC:00
next channel:51
TX_FIFO:050305004865
 #:00
TX_FIFO:050305004865
Pkt->:
ACK! RSSI:-54 LQI:2C CRC:00
next channel:101
TX_FIFO:050305004897
 #:00
TX_FIFO:050305004897
Pkt->:
ACK! RSSI:-51 LQI:2C CRC:00
next channel:151
TX_FIFO:0503050048C9
 #:00
TX_FIFO:0503050048C9
Pkt->:
ACK! RSSI:-48 LQI:2E CRC:00
next channel:201
TX_FIFO:0503050048FB
 #:00
TX_FIFO:0503050048FB
Pkt->:
ACK! RSSI:-47 LQI:2B CRC:00
next channel:251
TX_FIFO:050305004801
 #:00
TX_FIFO:050305004801
Pkt->:
ACK! RSSI:-48 LQI:2C CRC:00
next channel:1
TX_FIFO:050405004833
 #:00
TX_FIFO:050405004833
 #:01
TX_FIFO:050405004833
 #:02
TX_FIFO:050405004833
Pkt->:
ACK! RSSI:-62 LQI:2D CRC:00
next channel:51
TX_FIFO:050405004865
 #:00
TX_FIFO:050405004865
Pkt->:
ACK! RSSI:-58 LQI:2D CRC:00
next channel:101
TX_FIFO:050405004897
 #:00
TX_FIFO:050405004897
Pkt->:
ACK! RSSI:-59 LQI:2D CRC:00
next channel:151
TX_FIFO:0504050048C9
 #:00
TX_FIFO:0504050048C9
Pkt->:
ACK! RSSI:-63 LQI:2D CRC:00
next channel:201
TX_FIFO:0504050048FB
 #:00
TX_FIFO:0504050048FB
Pkt->:
ACK! RSSI:-59 LQI:2D CRC:00
next channel:251
TX_FIFO:050405004801
 #:00
TX_FIFO:050405004801
Pkt->:
ACK! RSSI:-61 LQI:2D CRC:00
next channel:1

Init CC1101...
Partnumber:00
Version:14
...done
Cfg_reg:
07 2E 80 07 57 43 3E 0E 45 05 
01 08 00 10 B0 71 F5 83 13 A0 
F8 15 07 0C 18 16 6C 03 40 91 
02 26 09 56 07 A9 0A 00 11 65 
00 59 7F 3F 81 3F 0B 
PaTable:
6C 1C 06 3A 51 85 C8 C0 
CC1101 TX Demo for MSP430
sensor:72
TX_FIFO:050205004833
 #:00
TX_FIFO:050205004833
 #:01
TX_FIFO:050205004833
 #:02
TX_FIFO:050205004833
 #:03
TX_FIFO:050205004833
 #:04
TX_FIFO:050205004833
Pkt->:
ACK! RSSI:-46 LQI:28 CRC:00
next channel:51
TX_FIFO:050205004865
 #:00
TX_FIFO:050205004865
Pkt->:
ACK! RSSI:-45 LQI:28 CRC:00
next channel:101
TX_FIFO:050205004897
 #:00
TX_FIFO:050205004897
Pkt->:
ACK! RSSI:-44 LQI:29 CRC:00
next channel:151
TX_FIFO:0502050048C9
 #:00
TX_FIFO:0502050048C9
Pkt->:
ACK! RSSI:-44 LQI:2A CRC:00
next channel:201
TX_FIFO:0502050048FB
 #:00
TX_FIFO:0502050048FB
Pkt->:
ACK! RSSI:-46 LQI:2A CRC:00
next channel:251
TX_FIFO:050205004801
 #:00
TX_FIFO:050205004801
Pkt->:
ACK! RSSI:-46 LQI:29 CRC:00
next channel:1
TX_FIFO:050305004833
 #:00
TX_FIFO:050305004833
 #:01
TX_FIFO:050305004833
 #:02
TX_FIFO:050305004833
 #:03
TX_FIFO:050305004833
 #:04
TX_FIFO:050305004833
 #:05
TX_FIFO:050305004833
 #:00
TX_FIFO:050305004833
Pkt->:
ACK! RSSI:-56 LQI:2C CRC:00
next channel:51
TX_FIFO:050305004865
 #:00
TX_FIFO:050305004865
Pkt->:
ACK! RSSI:-53 LQI:2C CRC:00
next channel:101
TX_FIFO:050305004897
 #:00
TX_FIFO:050305004897
Pkt->:
ACK! RSSI:-56 LQI:2C CRC:00
next channel:151
TX_FIFO:0503050048C9
 #:00
TX_FIFO:0503050048C9
Pkt->:
ACK! RSSI:-58 LQI:2B CRC:00
next channel:201
TX_FIFO:0503050048FB
 #:00
TX_FIFO:0503050048FB
Pkt->:
ACK! RSSI:-62 LQI:2B CRC:00
next channel:251
TX_FIFO:050305004801
 #:00
TX_FIFO:050305004801
Pkt->:
ACK! RSSI:-61 LQI:2B CRC:00
next channel:1
TX_FIFO:050405004833
 #:00
TX_FIFO:050405004833
 #:01
TX_FIFO:050405004833
 #:02
TX_FIFO:050405004833
Pkt->:
ACK! RSSI:-53 LQI:2D CRC:00
next channel:51
TX_FIFO:050405004865
 #:00
TX_FIFO:050405004865
Pkt->:
ACK! RSSI:-52 LQI:2D CRC:00
next channel:101
TX_FIFO:050405004897
 #:00
TX_FIFO:050405004897
Pkt->:
ACK! RSSI:-51 LQI:2D CRC:00
next channel:151
TX_FIFO:0504050048C9
 #:00
TX_FIFO:0504050048C9
Pkt->:
ACK! RSSI:-53 LQI:2D CRC:00
next channel:201
TX_FIFO:0504050048FB
 #:00
TX_FIFO:0504050048FB
Pkt->:
ACK! RSSI:-52 LQI:2E CRC:00
next channel:251
TX_FIFO:050405004801
 #:00
TX_FIFO:050405004801
Pkt->:
ACK! RSSI:-51 LQI:2D CRC:00
next channel:1

Init CC1101...
Partnumber:00
Version:14
...done
Cfg_reg:
07 2E 80 07 57 43 3E 0E 45 05 
01 08 00 10 B0 71 F5 83 13 A0 
F8 15 07 0C 18 16 6C 03 40 91 
02 26 09 56 07 A9 0A 00 11 65 
00 59 7F 3F 81 3F 0B 
PaTable:
6C 1C 06 3A 51 85 C8 C0 
CC1101 TX Demo for MSP430
sensor:73
TX_FIFO:050205004933
 #:00
TX_FIFO:050205004933
 #:01
TX_FIFO:050205004933
Pkt->:
ACK! RSSI:-65 LQI:2E CRC:00
next channel:51
TX_FIFO:050205004965
 #:00
TX_FIFO:050205004965
Pkt->:
ACK! RSSI:-60 LQI:2F CRC:00
next channel:101
TX_FIFO:050205004997
 #:00
TX_FIFO:050205004997
Pkt->:
ACK! RSSI:-57 LQI:2E CRC:00
next channel:151
TX_FIFO:0502050049C9
 #:00
TX_FIFO:0502050049C9
Pkt->:
ACK! RSSI:-53 LQI:2C CRC:00
next channel:201
TX_FIFO:0502050049FB
 #:00
TX_FIFO:0502050049FB
Pkt->:
ACK! RSSI:-55 LQI:2C CRC:00
next channel:251
TX_FIFO:050205004901
 #:00
TX_FIFO:050205004901
Pkt->:
ACK! RSSI:-54 LQI:2D CRC:00
next channel:1
TX_FIFO:050305004933
 #:00
TX_FIFO:050305004933
 #:01
TX_FIFO:050305004933
 #:02
TX_FIFO:050305004933
 #:03
TX_FIFO:050305004933
 #:04
TX_FIFO:050305004933
 #:05
TX_FIFO:050305004933
 #:00
TX_FIFO:050305004933
 #:01
TX_FIFO:050305004933
 #:02
TX_FIFO:050305004933
Pkt->:
ACK! RSSI:-46 LQI:2A CRC:00
next channel:51
TX_FIFO:050305004965
 #:00
TX_FIFO:050305004965
Pkt->:
ACK! RSSI:-45 LQI:2C CRC:00
next channel:101
TX_FIFO:050305004997
 #:00
TX_FIFO:050305004997
Pkt->:
ACK! RSSI:-45 LQI:2A CRC:00
next channel:151
TX_FIFO:0503050049C9
 #:00
TX_FIFO:0503050049C9
Pkt->:
ACK! RSSI:-46 LQI:2A CRC:00
next channel:201
TX_FIFO:0503050049FB
 #:00
TX_FIFO:0503050049FB
Pkt->:
ACK! RSSI:-46 LQI:2B CRC:00
next channel:251
TX_FIFO:050305004901
 #:00
TX_FIFO:050305004901
Pkt->:
ACK! RSSI:-46 LQI:2A CRC:00
next channel:1
TX_FIFO:050405004933
 #:00
TX_FIFO:050405004933
 #:01
TX_FIFO:050405004933
 #:02
TX_FIFO:050405004933
Pkt->:
ACK! RSSI:-41 LQI:2D CRC:00
next channel:51
TX_FIFO:050405004965
 #:00
TX_FIFO:050405004965
Pkt->:
ACK! RSSI:-40 LQI:2D CRC:00
next channel:101
TX_FIFO:050405004997
 #:00
TX_FIFO:050405004997
Pkt->:
ACK! RSSI:-37 LQI:2D CRC:00
next channel:151
TX_FIFO:0504050049C9
 #:00
TX_FIFO:0504050049C9
Pkt->:
ACK! RSSI:-36 LQI:2D CRC:00
next channel:201
TX_FIFO:0504050049FB
 #:00
TX_FIFO:0504050049FB
Pkt->:
ACK! RSSI:-35 LQI:2C CRC:00
next channel:251
TX_FIFO:050405004901
 #:00
TX_FIFO:050405004901
Pkt->:
ACK! RSSI:-36 LQI:2D CRC:00
next channel:1

Init CC1101...
Partnumber:00
Version:14
...done
Cfg_reg:
07 2E 80 07 57 43 3E 0E 45 05 
01 08 00 10 B0 71 F5 83 13 A0 
F8 15 07 0C 18 16 6C 03 40 91 
02 26 09 56 07 A9 0A 00 11 65 
00 59 7F 3F 81 3F 0B 
PaTable:
6C 1C 06 3A 51 85 C8 C0 
CC1101 TX Demo for MSP430
sensor:73
TX_FIFO:050205004933
 #:00
TX_FIFO:050205004933
 #:01
TX_FIFO:050205004933
 #:02
TX_FIFO:050205004933
 #:03
TX_FIFO:050205004933
 #:04
TX_FIFO:050205004933
 #:05
TX_FIFO:050205004933
 #:00
TX_FIFO:050205004933
 #:01
TX_FIFO:050205004933
Pkt->:
ACK! RSSI:-69 LQI:2B CRC:00
next channel:51
TX_FIFO:050205004965
 #:00
TX_FIFO:050205004965
Pkt->:
ACK! RSSI:-66 LQI:29 CRC:00
next channel:101
TX_FIFO:050205004997
 #:00
TX_FIFO:050205004997
Pkt->:
ACK! RSSI:-67 LQI:29 CRC:00
next channel:151
TX_FIFO:0502050049C9
 #:00
TX_FIFO:0502050049C9
Pkt->:
ACK! RSSI:-70 LQI:29 CRC:00
next channel:201
TX_FIFO:0502050049FB
 #:00
TX_FIFO:0502050049FB
Pkt->:
ACK! RSSI:-58 LQI:29 CRC:00
next channel:251
TX_FIFO:050205004901
 #:00
TX_FIFO:050205004901
Pkt->:
ACK! RSSI:-56 LQI:29 CRC:00
next channel:1
TX_FIFO:050305004933
 #:00
TX_FIFO:050305004933
 #:01
TX_FIFO:050305004933
 #:02
TX_FIFO:050305004933
Pkt->:
ACK! RSSI:-60 LQI:2C CRC:00
next channel:51
TX_FIFO:050305004965
 #:00
TX_FIFO:050305004965
Pkt->:
ACK! RSSI:-53 LQI:2C CRC:00
next channel:101
TX_FIFO:050305004997
 #:00
TX_FIFO:050305004997
Pkt->:
ACK! RSSI:-50 LQI:2B CRC:00
next channel:151
TX_FIFO:0503050049C9
 #:00
TX_FIFO:0503050049C9
 #:01
TX_FIFO:0503050049C9
 #:02
TX_FIFO:0503050049C9
 #:03
TX_FIFO:0503050049C9
 #:04
TX_FIFO:0503050049C9
 #:05
TX_FIFO:0503050049C9
 #:00
TX_FIFO:0503050049C9
 #:01
TX_FIFO:0503050049C9
 #:02
TX_FIFO:0503050049C9
 #:03
TX_FIFO:0503050049C9
 #:04
TX_FIFO:0503050049C9
 #:05
TX_FIFO:0503050049C9
 #:00
TX_FIFO:0503050049C9
 #:01
TX_FIFO:0503050049C9
 #:02
TX_FIFO:0503050049C9
 #:03
TX_FIFO:0503050049C9
 #:04
TX_FIFO:0503050049C9
 #:05
TX_FIFO:0503050049C9
 #:00
TX_FIFO:0503050049C9
 #:01
TX_FIFO:0503050049C9
 #:02
TX_FIFO:0503050049C9
 #:03
TX_FIFO:0503050049C9
 #:04
TX_FIFO:0503050049C9
 #:05
TX_FIFO:0503050049C9
 #:00
TX_FIFO:0503050049C9
 #:01
TX_FIFO:0503050049C9
 #:02
TX_FIFO:0503050049C9
 #:03
TX_FIFO:0503050049C9
 #:04
TX_FIFO:0503050049C9
 #:05
TX_FIFO:0503050049C9
 #:00
TX_FIFO:0503050049C9
 #:01
TX_FIFO:0503050049C9
 #:02
TX_FIFO:0503050049C9
 #:03
TX_FIFO:0503050049C9
 #:04
TX_FIFO:0503050049C9
 #:05
TX_FIFO:0503050049C9
 #:00
TX_FIFO:0503050049C9
 #:01
TX_FIFO:0503050049C9
 #:02
TX_FIFO:0503050049C9
 #:03
TX_FIFO:0503050049C9
 #:04
TX_FIFO:0503050049C9
 #:05
TX_FIFO:0503050049C9
 #:00
TX_FIFO:0503050049C9
 #:01
TX_FIFO:0503050049C9
 #:02
TX_FIFO:0503050049C9
 #:03
TX_FIFO:0503050049C9
 #:04
TX_FIFO:0503050049C9
 #:05
TX_FIFO:0503050049C9
 #:00
TX_FIFO:0503050049C9
 #:01
TX_FIFO:0503050049C9
 #:02
TX_FIFO:0503050049C9
 #:03
TX_FIFO:0503050049C9
 #:04
TX_FIFO:0503050049C9
 #:05
TX_FIFO:0503050049C9
 #:00
TX_FIFO:0503050049C9
 #:01
TX_FIFO:0503050049C9
 #:02
TX_FIFO:0503050049C9
 #:03
TX_FIFO:0503050049C9
 #:04
TX_FIFO:0503050049C9
 #:05
TX_FIFO:0503050049C9
 #:00
TX_FIFO:0503050049C9
 #:01
TX_FIFO:0503050049C9
 #:02
TX_FIFO:0503050049C9
 #:03
TX_FIFO:0503050049C9
 #:04
TX_FIFO:0503050049C9
 #:05
TX_FIFO:0503050049C9
 #:00
TX_FIFO:0503050049C9
 #:01
TX_FIFO:0503050049C9
