TX_data: 131
Sender:2
next freq:51
rssi:-49
lqi:44

TX_data: 131
Sender:2
next freq:101
rssi:-46
lqi:44

TX_data: 131
Sender:2
next freq:151
rssi:-43
lqi:44

TX_data: 131
Sender:2
next freq:201
rssi:-41
lqi:43

TX_data: 131
Sender:2
next freq:251
rssi:-39
lqi:43

TX_data: 131
Sender:2
next freq:1
rssi:-39
lqi:44

TX_data: 131
Sender:3
next freq:51
rssi:-56
lqi:42

TX_data: 131
Sender:3
next freq:101
rssi:-57
lqi:42

TX_data: 131
Sender:3
next freq:151
rssi:-55
lqi:42

TX_data: 131
Sender:3
next freq:201
rssi:-52
lqi:42

TX_data: 131
Sender:3
next freq:251
rssi:-50
lqi:42

TX_data: 131
Sender:4
next freq:51
rssi:-59
lqi:48

TX_data: 131
Sender:4
next freq:101
rssi:-62
lqi:47

TX_data: 131
Sender:4
next freq:151
rssi:-70
lqi:48

TX_data: 131
Sender:4
next freq:201
rssi:-65
lqi:48

TX_data: 131
Sender:4
next freq:251
rssi:-58
lqi:47

TX_data: 131
Sender:4
next freq:1
rssi:-55
lqi:47

TX_data: 130
Sender:2
next freq:51
rssi:-50
lqi:45

TX_data: 130
Sender:2
next freq:101
rssi:-49
lqi:45

TX_data: 130
Sender:2
next freq:151
rssi:-50
lqi:46

TX_data: 130
Sender:2
next freq:201
rssi:-50
lqi:45

TX_data: 130
Sender:2
next freq:251
rssi:-51
lqi:47

TX_data: 130
Sender:2
next freq:1
rssi:-56
lqi:46

TX_data: 130
Sender:3
next freq:51
rssi:-46
lqi:43

TX_data: 130
Sender:3
next freq:101
rssi:-46
lqi:42

TX_data: 130
Sender:3
next freq:151
rssi:-45
lqi:42

TX_data: 130
Sender:3
next freq:201
rssi:-42
lqi:41

TX_data: 130
Sender:3
next freq:251
rssi:-41
lqi:42

TX_data: 130
Sender:3
next freq:1
rssi:-42
lqi:42

TX_data: 130
Sender:4
next freq:51
rssi:-58
lqi:45

TX_data: 130
Sender:4
next freq:101
rssi:-63
lqi:45

TX_data: 130
Sender:4
next freq:151
rssi:-73
lqi:44

TX_data: 130
Sender:4
next freq:201
rssi:-64
lqi:46

TX_data: 130
Sender:4
next freq:251
rssi:-55
lqi:46

TX_data: 130
Sender:4
next freq:1
rssi:-51
lqi:46

TX_data: 130
Sender:2
next freq:51
rssi:-50
lqi:46

TX_data: 130
Sender:2
next freq:101
rssi:-49
lqi:46

TX_data: 130
Sender:2
next freq:151
rssi:-46
lqi:46

TX_data: 130
Sender:2
next freq:201
rssi:-44
lqi:46

TX_data: 130
Sender:2
next freq:251
rssi:-42
lqi:46

TX_data: 130
Sender:2
next freq:1
rssi:-42
lqi:46

TX_data: 130
Sender:3
next freq:51
rssi:-54
lqi:43

TX_data: 130
Sender:3
next freq:101
rssi:-50
lqi:43

TX_data: 130
Sender:3
next freq:151
rssi:-47
lqi:43

TX_data: 130
Sender:3
next freq:201
rssi:-46
lqi:43

TX_data: 130
Sender:3
next freq:251
rssi:-43
lqi:43

TX_data: 130
Sender:3
next freq:1
rssi:-41
lqi:43

TX_data: 130
Sender:4
next freq:51
rssi:-41
lqi:44

TX_data: 130
Sender:4
next freq:101
rssi:-44
lqi:44

TX_data: 130
Sender:4
next freq:151
rssi:-45
lqi:44

TX_data: 130
Sender:4
next freq:201
rssi:-43
lqi:44

TX_data: 130
Sender:4
next freq:251
rssi:-41
lqi:43

TX_data: 130
Sender:4
next freq:1
rssi:-39
lqi:43

TX_data: 130
Sender:2
next freq:51
rssi:-46
lqi:46

TX_data: 130
Sender:2
next freq:101
rssi:-47
lqi:46

TX_data: 130
Sender:2
next freq:151
rssi:-49
lqi:46

TX_data: 130
Sender:2
next freq:201
rssi:-48
lqi:47

TX_data: 130
Sender:2
next freq:251
rssi:-49
lqi:46

TX_data: 130
Sender:2
next freq:1
rssi:-47
lqi:46

TX_data: 130
Sender:3
next freq:51
rssi:-50
lqi:43

TX_data: 130
Sender:3
next freq:101
rssi:-48
lqi:42

TX_data: 130
Sender:3
next freq:151
rssi:-47
lqi:43

TX_data: 130
Sender:3
next freq:201
rssi:-44
lqi:43

TX_data: 130
Sender:3
next freq:251
rssi:-42
lqi:43

TX_data: 130
Sender:3
next freq:1
rssi:-42
lqi:42

TX_data: 130
Sender:4
next freq:51
rssi:-51
lqi:45

TX_data: 130
Sender:4
next freq:101
rssi:-50
lqi:45

TX_data: 130
Sender:4
next freq:151
rssi:-49
lqi:45

TX_data: 130
Sender:4
next freq:201
rssi:-47
lqi:43

TX_data: 130
Sender:4
next freq:251
rssi:-46
lqi:46

TX_data: 130
Sender:4
next freq:1
rssi:-47
lqi:44

TX_data: 130
Sender:2
next freq:51
rssi:-46
lqi:46

TX_data: 130
Sender:2
next freq:101
rssi:-46
lqi:45

TX_data: 130
Sender:2
next freq:151
rssi:-48
lqi:46

TX_data: 130
Sender:2
next freq:201
rssi:-47
lqi:46

TX_data: 130
Sender:2
next freq:251
rssi:-45
lqi:46

TX_data: 130
Sender:2
next freq:1
rssi:-42
lqi:46

TX_data: 130
Sender:3
next freq:51
rssi:-52
lqi:43

TX_data: 130
Sender:3
next freq:101
rssi:-50
lqi:42

TX_data: 130
Sender:3
next freq:151
rssi:-51
lqi:44

TX_data: 130
Sender:3
next freq:201
rssi:-50
lqi:42

TX_data: 130
Sender:3
next freq:251
rssi:-51
lqi:44

TX_data: 130
Sender:4
next freq:51
rssi:-48
lqi:43

TX_data: 130
Sender:4
next freq:101
rssi:-48
lqi:42

TX_data: 130
Sender:4
next freq:151
rssi:-48
lqi:44

TX_data: 130
Sender:4
next freq:201
rssi:-47
lqi:42

TX_data: 130
Sender:4
next freq:251
rssi:-48
lqi:43

TX_data: 130
Sender:4
next freq:1
rssi:-50
lqi:42

TX_data: 130
Sender:2
next freq:51
rssi:-42
lqi:45

TX_data: 130
Sender:2
next freq:101
rssi:-41
lqi:45

TX_data: 130
Sender:2
next freq:151
rssi:-40
lqi:46

TX_data: 130
Sender:2
next freq:201
rssi:-41
lqi:46

TX_data: 130
Sender:2
next freq:251
rssi:-45
lqi:46

TX_data: 130
Sender:2
next freq:1
rssi:-48
lqi:46

TX_data: 130
Sender:3
next freq:51
rssi:-49
lqi:44

TX_data: 130
Sender:3
next freq:101
rssi:-48
lqi:43

TX_data: 130
Sender:3
next freq:151
rssi:-47
lqi:44

TX_data: 130
Sender:3
next freq:201
rssi:-45
lqi:43

TX_data: 130
Sender:3
next freq:251
rssi:-42
lqi:44

TX_data: 130
Sender:3
next freq:1
rssi:-41
lqi:43

TX_data: 130
Sender:4
next freq:51
rssi:-45
lqi:44

TX_data: 130
Sender:4
next freq:101
rssi:-49
lqi:43

TX_data: 130
Sender:4
next freq:151
rssi:-52
lqi:43

TX_data: 130
Sender:4
next freq:201
rssi:-48
lqi:42

TX_data: 130
Sender:4
next freq:251
rssi:-48
lqi:42

TX_data: 130
Sender:4
next freq:1
rssi:-52
lqi:43

TX_data: 131
Sender:2
next freq:51
rssi:-41
lqi:47

TX_data: 131
Sender:2
next freq:101
rssi:-43
lqi:46

TX_data: 131
Sender:2
next freq:151
rssi:-45
lqi:45

TX_data: 131
Sender:2
next freq:201
rssi:-43
lqi:45

TX_data: 131
Sender:2
next freq:251
rssi:-41
lqi:45

TX_data: 131
Sender:3
next freq:51
rssi:-45
lqi:43

TX_data: 131
Sender:3
next freq:101
rssi:-44
lqi:44

TX_data: 131
Sender:3
next freq:151
rssi:-46
lqi:43

TX_data: 131
Sender:3
next freq:201
rssi:-47
lqi:44

TX_data: 131
Sender:3
next freq:251
rssi:-44
lqi:43

TX_data: 131
Sender:4
next freq:51
rssi:-38
lqi:44

TX_data: 131
Sender:4
next freq:101
rssi:-38
lqi:43

TX_data: 131
Sender:4
next freq:151
rssi:-38
lqi:42

TX_data: 131
Sender:4
next freq:201
rssi:-39
lqi:43

TX_data: 131
Sender:4
next freq:251
rssi:-40
lqi:43

TX_data: 131
Sender:4
next freq:1
rssi:-41
lqi:43

TX_data: 131
Sender:2
next freq:51
rssi:-50
lqi:45

TX_data: 131
Sender:2
next freq:101
rssi:-50
lqi:46

TX_data: 131
Sender:2
next freq:151
rssi:-55
lqi:45

TX_data: 131
Sender:2
next freq:201
rssi:-45
lqi:46

TX_data: 131
Sender:2
next freq:251
rssi:-41
lqi:44

TX_data: 131
Sender:3
next freq:51
rssi:-78
lqi:43

TX_data: 131
Sender:3
next freq:101
rssi:-59
lqi:44

TX_data: 131
Sender:3
next freq:151
rssi:-53
lqi:43

TX_data: 131
Sender:3
next freq:201
rssi:-49
lqi:43

TX_data: 131
Sender:3
next freq:251
rssi:-46
lqi:44

TX_data: 131
Sender:4
next freq:51
rssi:-46
lqi:44

TX_data: 131
Sender:4
next freq:101
rssi:-45
lqi:43

TX_data: 131
Sender:4
next freq:151
rssi:-53
lqi:44

TX_data: 131
Sender:4
next freq:201
rssi:-51
lqi:42

TX_data: 131
Sender:4
next freq:251
rssi:-51
lqi:43

TX_data: 131
Sender:4
next freq:1
rssi:-47
lqi:43

TX_data: 131
Sender:2
next freq:51
rssi:-42
lqi:46

TX_data: 131
Sender:2
next freq:101
rssi:-41
lqi:46

TX_data: 131
Sender:2
next freq:151
rssi:-41
lqi:45

TX_data: 131
Sender:2
next freq:201
rssi:-41
lqi:46

TX_data: 131
Sender:2
next freq:251
rssi:-44
lqi:43

TX_data: 131
Sender:2
next freq:1
rssi:-47
lqi:46

TX_data: 131
Sender:3
next freq:51
rssi:-48
lqi:43

TX_data: 131
Sender:3
next freq:101
rssi:-49
lqi:44

TX_data: 131
Sender:3
next freq:151
rssi:-46
lqi:44

TX_data: 131
Sender:3
next freq:201
rssi:-43
lqi:43

TX_data: 131
Sender:3
next freq:251
rssi:-45
lqi:44

TX_data: 131
Sender:4
next freq:51
rssi:-56
lqi:43

TX_data: 131
Sender:4
next freq:101
rssi:-65
lqi:43

TX_data: 131
Sender:4
next freq:151
rssi:-53
lqi:43

TX_data: 131
Sender:4
next freq:201
rssi:-51
lqi:43

TX_data: 131
Sender:4
next freq:251
rssi:-51
lqi:43

TX_data: 131
Sender:4
next freq:1
rssi:-49
lqi:42

TX_data: 131
Sender:2
next freq:51
rssi:-41
lqi:45

TX_data: 131
Sender:2
next freq:101
rssi:-43
lqi:46

TX_data: 131
Sender:2
next freq:151
rssi:-43
lqi:45

TX_data: 131
Sender:2
next freq:201
rssi:-40
lqi:46

TX_data: 131
Sender:2
next freq:251
rssi:-36
lqi:46

TX_data: 131
Sender:3
next freq:51
rssi:-44
lqi:44

TX_data: 131
Sender:3
next freq:101
rssi:-42
lqi:45

TX_data: 131
Sender:3
next freq:151
rssi:-43
lqi:44

TX_data: 131
Sender:3
next freq:201
rssi:-45
lqi:45

TX_data: 131
Sender:3
next freq:251
rssi:-44
lqi:44

TX_data: 131
Sender:4
next freq:51
rssi:-47
lqi:43

TX_data: 131
Sender:4
next freq:101
rssi:-57
lqi:43

TX_data: 131
Sender:4
next freq:151
rssi:-52
lqi:43

TX_data: 131
Sender:4
next freq:201
rssi:-42
lqi:43

TX_data: 131
Sender:4
next freq:251
rssi:-38
lqi:42

TX_data: 131
Sender:4
next freq:1
rssi:-35
lqi:42

TX_data: 131
Sender:2
next freq:51
rssi:-35
lqi:45

TX_data: 131
Sender:2
next freq:101
rssi:-35
lqi:45

TX_data: 131
Sender:2
next freq:151
rssi:-37
lqi:46

TX_data: 131
Sender:2
next freq:201
rssi:-38
lqi:45

TX_data: 131
Sender:2
next freq:251
rssi:-35
lqi:46

TX_data: 131
Sender:2
next freq:1
rssi:-34
lqi:46

TX_data: 131
Sender:3
next freq:51
rssi:-58
lqi:43

TX_data: 131
Sender:3
next freq:101
rssi:-53
lqi:45

TX_data: 131
Sender:3
next freq:151
rssi:-47
lqi:44

TX_data: 131
Sender:3
next freq:201
rssi:-46
lqi:44

TX_data: 131
Sender:3
next freq:251
rssi:-45
lqi:44

TX_data: 131
Sender:3
next freq:1
rssi:-43
lqi:44

TX_data: 131
Sender:4
next freq:51
rssi:-54
lqi:44

TX_data: 131
Sender:4
next freq:101
rssi:-52
lqi:44

TX_data: 131
Sender:4
next freq:151
rssi:-49
lqi:43

TX_data: 131
Sender:4
next freq:201
rssi:-53
lqi:43

TX_data: 131
Sender:4
next freq:251
rssi:-56
lqi:43

TX_data: 131
Sender:4
next freq:1
rssi:-49
lqi:43

TX_data: 130
Sender:2
next freq:51
rssi:-34
lqi:46

TX_data: 130
Sender:2
next freq:101
rssi:-32
lqi:46

TX_data: 130
Sender:2
next freq:151
rssi:-31
lqi:45

TX_data: 130
Sender:2
next freq:201
rssi:-30
lqi:47

TX_data: 130
Sender:2
next freq:251
rssi:-29
lqi:46

TX_data: 130
Sender:3
next freq:51
rssi:-64
lqi:43

TX_data: 130
Sender:3
next freq:101
rssi:-59
lqi:43

TX_data: 130
Sender:3
next freq:151
rssi:-58
lqi:45

TX_data: 130
Sender:3
next freq:201
rssi:-58
lqi:45

TX_data: 130
Sender:3
next freq:251
rssi:-50
lqi:44

TX_data: 130
Sender:4
next freq:51
rssi:-56
lqi:44

TX_data: 130
Sender:4
next freq:101
rssi:-55
lqi:43

TX_data: 130
Sender:4
next freq:151
rssi:-57
lqi:43

TX_data: 130
Sender:4
next freq:201
rssi:-57
lqi:43

TX_data: 130
Sender:4
next freq:251
rssi:-47
lqi:43

TX_data: 130
Sender:4
next freq:1
rssi:-44
lqi:43

TX_data: 130
Sender:2
next freq:51
rssi:-58
lqi:46

TX_data: 130
Sender:2
next freq:101
rssi:-80
lqi:46

TX_data: 130
Sender:2
next freq:151
rssi:-56
lqi:46

TX_data: 130
Sender:2
next freq:201
rssi:-50
lqi:46

TX_data: 130
Sender:2
next freq:251
rssi:-46
lqi:45

TX_data: 130
Sender:2
next freq:1
rssi:-47
lqi:46

TX_data: 130
Sender:3
next freq:51
rssi:-49
lqi:44

TX_data: 130
Sender:3
next freq:101
rssi:-48
lqi:44

TX_data: 130
Sender:3
next freq:151
rssi:-47
lqi:44

TX_data: 130
Sender:3
next freq:201
rssi:-47
lqi:44

TX_data: 130
Sender:3
next freq:251
rssi:-51
lqi:44

TX_data: 130
Sender:3
next freq:1
rssi:-55
lqi:44

TX_data: 130
Sender:4
next freq:51
rssi:-52
lqi:43

TX_data: 130
Sender:4
next freq:101
rssi:-58
lqi:43

TX_data: 130
Sender:4
next freq:151
rssi:-58
lqi:43

TX_data: 130
Sender:4
next freq:201
rssi:-57
lqi:43

TX_data: 130
Sender:4
next freq:251
rssi:-53
lqi:44

TX_data: 130
Sender:4
next freq:1
rssi:-52
lqi:44

TX_data: 131
Sender:2
next freq:51
rssi:-42
lqi:46

TX_data: 131
Sender:2
next freq:101
rssi:-42
lqi:44

TX_data: 131
Sender:2
next freq:151
rssi:-42
lqi:44

TX_data: 131
Sender:2
next freq:201
rssi:-42
lqi:47

TX_data: 131
Sender:2
next freq:251
rssi:-46
lqi:44

TX_data: 131
Sender:3
next freq:51
rssi:-54
lqi:45

TX_data: 131
Sender:3
next freq:101
rssi:-47
lqi:43

TX_data: 131
Sender:3
next freq:151
rssi:-46
lqi:43

TX_data: 131
Sender:3
next freq:201
rssi:-44
lqi:44

TX_data: 131
Sender:3
next freq:251
rssi:-41
lqi:43

TX_data: 131
Sender:4
next freq:51
rssi:-56
lqi:43

TX_data: 131
Sender:4
next freq:101
rssi:-51
lqi:43

TX_data: 131
Sender:4
next freq:151
rssi:-47
lqi:44

TX_data: 131
Sender:4
next freq:201
rssi:-46
lqi:43

TX_data: 131
Sender:4
next freq:251
rssi:-44
lqi:43

TX_data: 131
Sender:4
next freq:1
rssi:-43
lqi:43

TX_data: 131
Sender:2
next freq:51
rssi:-43
lqi:45

TX_data: 131
Sender:2
next freq:101
rssi:-44
lqi:45

TX_data: 131
Sender:2
next freq:151
rssi:-47
lqi:46

TX_data: 131
Sender:2
next freq:201
rssi:-53
lqi:44

TX_data: 131
Sender:2
next freq:251
rssi:-45
lqi:46

TX_data: 131
Sender:2
next freq:1
rssi:-38
lqi:46

TX_data: 131
Sender:3
next freq:51
rssi:-59
lqi:43

TX_data: 131
Sender:3
next freq:101
rssi:-65
lqi:45

TX_data: 131
Sender:3
next freq:151
rssi:-61
lqi:43

TX_data: 131
Sender:3
next freq:201
rssi:-58
lqi:44

TX_data: 131
Sender:3
next freq:251
rssi:-56
lqi:44

TX_data: 131
Sender:4
next freq:51
rssi:-52
lqi:44

TX_data: 131
Sender:4
next freq:101
rssi:-50
lqi:43

TX_data: 131
Sender:4
next freq:151
rssi:-47
lqi:42

TX_data: 131
Sender:4
next freq:201
rssi:-47
lqi:43

TX_data: 131
Sender:4
next freq:251
rssi:-44
lqi:44

TX_data: 131
Sender:4
next freq:1
rssi:-41
lqi:44

TX_data: 131
Sender:2
next freq:51
rssi:-49
lqi:46

TX_data: 131
Sender:2
next freq:101
rssi:-52
lqi:46

TX_data: 131
Sender:2
next freq:151
rssi:-57
lqi:45

TX_data: 131
Sender:2
next freq:201
rssi:-52
lqi:46

TX_data: 131
Sender:2
next freq:251
rssi:-49
lqi:44

TX_data: 131
Sender:2
next freq:1
rssi:-47
lqi:46

TX_data: 131
Sender:3
next freq:51
rssi:-56
lqi:44

TX_data: 131
Sender:3
next freq:101
rssi:-57
lqi:44

TX_data: 131
Sender:3
next freq:151
rssi:-59
lqi:44

TX_data: 131
Sender:3
next freq:201
rssi:-53
lqi:43

TX_data: 131
Sender:3
next freq:251
rssi:-49
lqi:44

TX_data: 131
Sender:4
next freq:51
rssi:-47
lqi:43

TX_data: 131
Sender:4
next freq:101
rssi:-45
lqi:43

TX_data: 131
Sender:4
next freq:151
rssi:-44
lqi:43

TX_data: 131
Sender:4
next freq:201
rssi:-42
lqi:42

TX_data: 131
Sender:4
next freq:251
rssi:-42
lqi:43

TX_data: 131
Sender:4
next freq:1
rssi:-45
lqi:42

TX_data: 448
Sender:2
next freq:51
rssi:-49
lqi:44

TX_data: 448
Sender:2
next freq:101
rssi:-47
lqi:44

TX_data: 448
Sender:2
next freq:151
rssi:-47
lqi:43

TX_data: 448
Sender:2
next freq:201
rssi:-46
lqi:43

TX_data: 448
Sender:2
next freq:251
rssi:-45
lqi:43

TX_data: 448
Sender:3
next freq:51
rssi:-49
lqi:41

TX_data: 448
Sender:3
next freq:101
rssi:-50
lqi:41

TX_data: 448
Sender:3
next freq:151
rssi:-47
lqi:41

TX_data: 448
Sender:3
next freq:201
rssi:-46
lqi:41

TX_data: 448
Sender:3
next freq:251
rssi:-45
lqi:41

TX_data: 448
Sender:4
next freq:51
rssi:-35
lqi:47

TX_data: 448
Sender:4
next freq:101
rssi:-36
lqi:45

TX_data: 448
Sender:4
next freq:151
rssi:-35
lqi:45

TX_data: 448
Sender:4
next freq:201
rssi:-34
lqi:44

TX_data: 448
Sender:4
next freq:251
rssi:-34
lqi:44

TX_data: 448
Sender:4
next freq:1
rssi:-33
lqi:45

TX_data: 448
Sender:2
next freq:51
rssi:-40
lqi:45

TX_data: 448
Sender:2
next freq:101
rssi:-39
lqi:46

TX_data: 448
Sender:2
next freq:151
rssi:-39
lqi:45

TX_data: 448
Sender:2
next freq:201
rssi:-40
lqi:46

TX_data: 448
Sender:2
next freq:251
rssi:-41
lqi:45

TX_data: 448
Sender:2
next freq:1
rssi:-41
lqi:45

TX_data: 448
Sender:3
next freq:51
rssi:-57
lqi:41

TX_data: 448
Sender:3
next freq:101
rssi:-63
lqi:42

TX_data: 448
Sender:3
next freq:151
rssi:-64
lqi:41

TX_data: 448
Sender:3
next freq:201
rssi:-66
lqi:40

TX_data: 448
Sender:3
next freq:251
rssi:-52
lqi:41

TX_data: 448
Sender:3
next freq:1
rssi:-47
lqi:42

TX_data: 448
Sender:4
next freq:51
rssi:-50
lqi:43

TX_data: 448
Sender:4
next freq:101
rssi:-46
lqi:44

TX_data: 448
Sender:4
next freq:151
rssi:-43
lqi:44

TX_data: 448
Sender:4
next freq:201
rssi:-44
lqi:45

TX_data: 448
Sender:4
next freq:251
rssi:-45
lqi:43

TX_data: 448
Sender:4
next freq:1
rssi:-46
lqi:43

TX_data: 447
Sender:2
next freq:51
rssi:-52
lqi:46

TX_data: 447
Sender:2
next freq:101
rssi:-70
lqi:46

TX_data: 447
Sender:2
next freq:151
rssi:-52
lqi:46

TX_data: 447
Sender:2
next freq:201
rssi:-47
lqi:47

TX_data: 447
Sender:2
next freq:251
rssi:-46
lqi:46

TX_data: 447
Sender:2
next freq:1
rssi:-47
lqi:45

TX_data: 447
Sender:3
next freq:51
rssi:-41
lqi:42

TX_data: 447
Sender:3
next freq:101
rssi:-40
lqi:41

TX_data: 447
Sender:3
next freq:151
rssi:-39
lqi:42

TX_data: 447
Sender:3
next freq:201
rssi:-38
lqi:42

TX_data: 447
Sender:3
next freq:251
rssi:-38
lqi:42

TX_data: 447
Sender:3
next freq:1
rssi:-38
lqi:42

TX_data: 447
Sender:4
next freq:51
rssi:-47
lqi:43

TX_data: 447
Sender:4
next freq:101
rssi:-47
lqi:42

TX_data: 447
Sender:4
next freq:151
rssi:-44
lqi:43

TX_data: 447
Sender:4
next freq:201
rssi:-42
lqi:43

TX_data: 447
Sender:4
next freq:251
rssi:-40
lqi:42

TX_data: 447
Sender:4
next freq:1
rssi:-39
lqi:42

TX_data: 448
Sender:2
next freq:51
rssi:-45
lqi:44

TX_data: 448
Sender:2
next freq:101
rssi:-46
lqi:45

TX_data: 448
Sender:2
next freq:151
rssi:-47
lqi:45

TX_data: 448
Sender:2
next freq:201
rssi:-46
lqi:45

TX_data: 448
Sender:2
next freq:251
rssi:-46
lqi:44

TX_data: 448
Sender:2
next freq:1
rssi:-46
lqi:45

TX_data: 448
Sender:3
next freq:51
rssi:-35
lqi:43

TX_data: 448
Sender:3
next freq:101
rssi:-35
lqi:43

TX_data: 448
Sender:3
next freq:151
rssi:-34
lqi:42

TX_data: 448
Sender:3
next freq:201
rssi:-33
lqi:42

TX_data: 448
Sender:3
next freq:251
rssi:-33
lqi:42

TX_data: 448
Sender:4
next freq:51
rssi:-36
lqi:41

TX_data: 448
Sender:4
next freq:101
rssi:-35
lqi:43

TX_data: 448
Sender:4
next freq:151
rssi:-35
lqi:43

TX_data: 448
Sender:4
next freq:201
rssi:-35
lqi:43

TX_data: 448
Sender:4
next freq:251
rssi:-35
lqi:42

TX_data: 448
Sender:4
next freq:1
rssi:-35
lqi:44

TX_data: 447
Sender:2
next freq:51
rssi:-45
lqi:45

TX_data: 447
Sender:2
next freq:101
rssi:-45
lqi:45

TX_data: 447
Sender:2
next freq:151
rssi:-46
lqi:45

TX_data: 447
Sender:2
next freq:201
rssi:-46
lqi:45

TX_data: 447
Sender:2
next freq:251
rssi:-49
lqi:44

TX_data: 447
Sender:2
next freq:1
rssi:-50
lqi:44

TX_data: 447
Sender:3
next freq:51
rssi:-47
lqi:43

TX_data: 447
Sender:3
next freq:101
rssi:-49
lqi:43

TX_data: 447
Sender:3
next freq:151
rssi:-48
lqi:42

TX_data: 447
Sender:3
next freq:201
rssi:-46
lqi:43

TX_data: 447
Sender:3
next freq:251
rssi:-45
lqi:42

TX_data: 447
Sender:4
next freq:51
rssi:-36
lqi:41

TX_data: 447
Sender:4
next freq:101
rssi:-35
lqi:42

TX_data: 447
Sender:4
next freq:151
rssi:-35
lqi:44

TX_data: 447
Sender:4
next freq:201
rssi:-35
lqi:43

TX_data: 447
Sender:4
next freq:251
rssi:-35
lqi:42

TX_data: 447
Sender:4
next freq:1
rssi:-34
lqi:41

TX_data: 448
Sender:2
next freq:51
rssi:-55
lqi:44

TX_data: 448
Sender:2
next freq:101
rssi:-54
lqi:46

TX_data: 448
Sender:2
next freq:151
rssi:-60
lqi:46

TX_data: 448
Sender:2
next freq:201
rssi:-70
lqi:45

TX_data: 448
Sender:2
next freq:251
rssi:-58
lqi:45

TX_data: 448
Sender:2
next freq:1
rssi:-63
lqi:45

TX_data: 448
Sender:3
next freq:51
rssi:-47
lqi:43

TX_data: 448
Sender:3
next freq:101
rssi:-47
lqi:43

TX_data: 448
Sender:3
next freq:151
rssi:-47
lqi:42

TX_data: 448
Sender:3
next freq:201
rssi:-49
lqi:43

TX_data: 448
Sender:3
next freq:251
rssi:-50
lqi:43

TX_data: 448
Sender:3
next freq:1
rssi:-49
lqi:43

TX_data: 448
Sender:4
next freq:51
rssi:-40
lqi:41

TX_data: 448
Sender:4
next freq:101
rssi:-42
lqi:42

TX_data: 448
Sender:4
next freq:151
rssi:-45
lqi:41

TX_data: 448
Sender:4
next freq:201
rssi:-46
lqi:41

TX_data: 448
Sender:4
next freq:251
rssi:-45
lqi:43

TX_data: 448
Sender:4
next freq:1
rssi:-40
lqi:42

TX_data: 448
Sender:2
next freq:51
rssi:-37
lqi:44

TX_data: 448
Sender:2
next freq:101
rssi:-35
lqi:44

TX_data: 448
Sender:2
next freq:151
rssi:-35
lqi:46

TX_data: 448
Sender:2
next freq:201
rssi:-36
lqi:45

TX_data: 448
Sender:2
next freq:251
rssi:-39
lqi:44

TX_data: 448
Sender:2
next freq:1
rssi:-40
lqi:44

TX_data: 448
Sender:3
next freq:51
rssi:-54
lqi:43

TX_data: 448
Sender:3
next freq:101
rssi:-53
lqi:42

TX_data: 448
Sender:3
next freq:151
rssi:-51
lqi:42

TX_data: 448
Sender:3
next freq:201
rssi:-53
lqi:43

TX_data: 448
Sender:3
next freq:251
rssi:-57
lqi:43

TX_data: 448
Sender:3
next freq:1
rssi:-51
lqi:43

TX_data: 448
Sender:4
next freq:51
rssi:-42
lqi:41

TX_data: 448
Sender:4
next freq:101
rssi:-44
lqi:42

TX_data: 448
Sender:4
next freq:151
rssi:-46
lqi:42

TX_data: 448
Sender:4
next freq:201
rssi:-48
lqi:42

TX_data: 448
Sender:4
next freq:251
rssi:-48
lqi:42

TX_data: 448
Sender:4
next freq:1
rssi:-49
lqi:42

TX_data: 447
Sender:2
next freq:51
rssi:-46
lqi:44

TX_data: 447
Sender:2
next freq:101
rssi:-45
lqi:45

TX_data: 447
Sender:2
next freq:151
rssi:-46
lqi:44

TX_data: 447
Sender:2
next freq:201
rssi:-47
lqi:44

TX_data: 447
Sender:2
next freq:251
rssi:-46
lqi:44

TX_data: 447
Sender:2
next freq:1
rssi:-42
lqi:45

TX_data: 447
Sender:3
next freq:51
rssi:-52
lqi:43

TX_data: 447
Sender:3
next freq:101
rssi:-52
lqi:43

TX_data: 447
Sender:3
next freq:151
rssi:-53
lqi:43

TX_data: 447
Sender:3
next freq:201
rssi:-62
lqi:43

TX_data: 447
Sender:3
next freq:251
rssi:-57
lqi:42

TX_data: 447
Sender:3
next freq:1
rssi:-48
lqi:43

TX_data: 447
Sender:4
next freq:51
rssi:-41
lqi:43

TX_data: 447
Sender:4
next freq:101
rssi:-41
lqi:43

TX_data: 447
Sender:4
next freq:151
rssi:-41
lqi:41

TX_data: 447
Sender:4
next freq:201
rssi:-40
lqi:42

TX_data: 447
Sender:4
next freq:251
rssi:-39
lqi:43

TX_data: 447
Sender:4
next freq:1
rssi:-39
lqi:42

TX_data: 448
Sender:2
next freq:51
rssi:-35
lqi:44

TX_data: 448
Sender:2
next freq:101
rssi:-39
lqi:44

TX_data: 448
Sender:2
next freq:151
rssi:-37
lqi:46

TX_data: 448
Sender:2
next freq:201
rssi:-35
lqi:44

TX_data: 448
Sender:2
next freq:251
rssi:-35
lqi:44

TX_data: 448
Sender:2
next freq:1
rssi:-35
lqi:43

TX_data: 448
Sender:3
next freq:51
rssi:-59
lqi:43

TX_data: 448
Sender:3
next freq:101
rssi:-53
lqi:44

TX_data: 448
Sender:3
next freq:151
rssi:-51
lqi:43

TX_data: 448
Sender:3
next freq:201
rssi:-51
lqi:43

TX_data: 448
Sender:3
next freq:251
rssi:-51
lqi:43

TX_data: 448
Sender:3
next freq:1
rssi:-50
lqi:42

TX_data: 448
Sender:4
next freq:51
rssi:-51
lqi:42

TX_data: 448
Sender:4
next freq:101
rssi:-50
lqi:42

TX_data: 448
Sender:4
next freq:151
rssi:-52
lqi:42

TX_data: 448
Sender:4
next freq:201
rssi:-54
lqi:43

TX_data: 448
Sender:4
next freq:251
rssi:-55
lqi:43

TX_data: 448
Sender:4
next freq:1
rssi:-54
lqi:42

TX_data: 448
Sender:2
next freq:51
rssi:-43
lqi:44

TX_data: 448
Sender:2
next freq:101
rssi:-41
lqi:45

TX_data: 448
Sender:2
next freq:151
rssi:-41
lqi:46

TX_data: 448
Sender:2
next freq:201
rssi:-41
lqi:45

TX_data: 448
Sender:2
next freq:251
rssi:-42
lqi:45

TX_data: 448
Sender:2
next freq:1
rssi:-43
lqi:45

TX_data: 448
Sender:3
next freq:51
rssi:-51
lqi:43

TX_data: 448
Sender:3
next freq:101
rssi:-50
lqi:43

TX_data: 448
Sender:3
next freq:151
rssi:-50
lqi:44

TX_data: 448
Sender:3
next freq:201
rssi:-52
lqi:44

TX_data: 448
Sender:3
next freq:251
rssi:-58
lqi:43

TX_data: 448
Sender:4
next freq:51
rssi:-44
lqi:42

TX_data: 448
Sender:4
next freq:101
rssi:-44
lqi:43

TX_data: 448
Sender:4
next freq:151
rssi:-43
lqi:42

TX_data: 448
Sender:4
next freq:201
rssi:-44
lqi:43

TX_data: 448
Sender:4
next freq:251
rssi:-45
lqi:42

TX_data: 448
Sender:4
next freq:1
rssi:-44
lqi:42

TX_data: 447
Sender:2
next freq:51
rssi:-45
lqi:46

TX_data: 447
Sender:2
next freq:101
rssi:-58
lqi:45

TX_data: 447
Sender:2
next freq:151
rssi:-56
lqi:44

TX_data: 447
Sender:2
next freq:201
rssi:-53
lqi:45

TX_data: 447
Sender:2
next freq:251
rssi:-50
lqi:45

TX_data: 447
Sender:2
next freq:1
rssi:-46
lqi:44

TX_data: 447
Sender:3
next freq:51
rssi:-51
lqi:43

TX_data: 447
Sender:3
next freq:101
rssi:-52
lqi:43

TX_data: 447
Sender:3
next freq:151
rssi:-49
lqi:43

TX_data: 447
Sender:3
next freq:201
rssi:-45
lqi:42

TX_data: 447
Sender:3
next freq:251
rssi:-44
lqi:43

TX_data: 447
Sender:3
next freq:1
rssi:-45
lqi:43

TX_data: 447
Sender:4
next freq:51
rssi:-34
lqi:42

TX_data: 447
Sender:4
next freq:101
rssi:-33
lqi:43

TX_data: 447
Sender:4
next freq:151
rssi:-34
lqi:42

TX_data: 447
Sender:4
next freq:201
rssi:-34
lqi:43

TX_data: 447
Sender:4
next freq:251
rssi:-34
lqi:41

TX_data: 447
Sender:4
next freq:1
rssi:-33
lqi:42

TX_data: 448
Sender:2
next freq:51
rssi:-36
lqi:46

TX_data: 448
Sender:2
next freq:101
rssi:-35
lqi:44

TX_data: 448
Sender:2
next freq:151
rssi:-34
lqi:44

TX_data: 448
Sender:2
next freq:201
rssi:-34
lqi:45

TX_data: 448
Sender:2
next freq:251
rssi:-35
lqi:43

TX_data: 448
Sender:2
next freq:1
rssi:-35
lqi:44

TX_data: 448
Sender:3
next freq:51
rssi:-40
lqi:43

TX_data: 448
Sender:3
next freq:101
rssi:-39
lqi:42

TX_data: 448
Sender:3
next freq:151
rssi:-38
lqi:43

TX_data: 448
Sender:3
next freq:201
rssi:-39
lqi:43

TX_data: 448
Sender:3
next freq:251
rssi:-40
lqi:42

TX_data: 448
Sender:3
next freq:1
rssi:-40
lqi:41

TX_data: 448
Sender:4
next freq:51
rssi:-39
lqi:42

TX_data: 448
Sender:4
next freq:101
rssi:-40
lqi:42

TX_data: 448
Sender:4
next freq:151
rssi:-40
lqi:43

TX_data: 448
Sender:4
next freq:201
rssi:-41
lqi:42

TX_data: 448
Sender:4
next freq:251
rssi:-43
lqi:42

TX_data: 448
Sender:4
next freq:1
rssi:-44
lqi:43

TX_data: 448
Sender:2
next freq:51
rssi:-55
lqi:44

TX_data: 448
Sender:2
next freq:101
rssi:-52
lqi:45

TX_data: 448
Sender:2
next freq:151
rssi:-52
lqi:44

TX_data: 448
Sender:2
next freq:201
rssi:-58
lqi:45

TX_data: 448
Sender:2
next freq:251
rssi:-49
lqi:44

TX_data: 448
Sender:2
next freq:1
rssi:-46
lqi:43

TX_data: 448
Sender:3
next freq:51
rssi:-39
lqi:43

TX_data: 448
Sender:3
next freq:101
rssi:-38
lqi:43

TX_data: 448
Sender:3
next freq:151
rssi:-39
lqi:43

TX_data: 448
Sender:3
next freq:201
rssi:-40
lqi:43

TX_data: 448
Sender:3
next freq:251
rssi:-42
lqi:41

TX_data: 448
Sender:4
next freq:51
rssi:-37
lqi:44

TX_data: 448
Sender:4
next freq:101
rssi:-35
lqi:43

TX_data: 448
Sender:4
next freq:151
rssi:-34
lqi:42

TX_data: 448
Sender:4
next freq:201
rssi:-33
lqi:42

TX_data: 448
Sender:4
next freq:251
rssi:-32
lqi:42

TX_data: 448
Sender:4
next freq:1
rssi:-32
lqi:42

TX_data: 447
Sender:2
next freq:51
rssi:-43
lqi:45

TX_data: 447
Sender:2
next freq:101
rssi:-41
lqi:45

TX_data: 447
Sender:2
next freq:151
rssi:-41
lqi:45

TX_data: 447
Sender:2
next freq:201
rssi:-45
lqi:45

TX_data: 447
Sender:2
next freq:251
rssi:-47
lqi:45

TX_data: 447
Sender:2
next freq:1
rssi:-44
lqi:47

TX_data: 447
Sender:3
next freq:51
rssi:-53
lqi:43

TX_data: 447
Sender:3
next freq:101
rssi:-52
lqi:43

TX_data: 447
Sender:3
next freq:151
rssi:-51
lqi:43

TX_data: 447
Sender:3
next freq:201
rssi:-53
lqi:43

TX_data: 447
Sender:3
next freq:251
rssi:-52
lqi:41

TX_data: 447
Sender:4
next freq:51
rssi:-44
lqi:42

TX_data: 447
Sender:4
next freq:101
rssi:-42
lqi:43

TX_data: 447
Sender:4
next freq:151
rssi:-41
lqi:41

TX_data: 447
Sender:4
next freq:201
rssi:-40
lqi:43

TX_data: 447
Sender:4
next freq:251
rssi:-41
lqi:42

TX_data: 447
Sender:4
next freq:1
rssi:-41
lqi:42

TX_data: 448
Sender:2
next freq:51
rssi:-41
lqi:44

TX_data: 448
Sender:2
next freq:101
rssi:-41
lqi:45

TX_data: 448
Sender:2
next freq:151
rssi:-42
lqi:45

TX_data: 448
Sender:2
next freq:201
rssi:-45
lqi:44

TX_data: 448
Sender:2
next freq:251
rssi:-42
lqi:45

TX_data: 448
Sender:2
next freq:1
rssi:-40
lqi:45

TX_data: 448
Sender:3
next freq:51
rssi:-47
lqi:43

TX_data: 448
Sender:3
next freq:101
rssi:-45
lqi:43

TX_data: 448
Sender:3
next freq:151
rssi:-42
lqi:43

TX_data: 448
Sender:3
next freq:201
rssi:-40
lqi:42

TX_data: 448
Sender:3
next freq:251
rssi:-40
lqi:43

TX_data: 448
Sender:4
next freq:51
rssi:-48
lqi:42

TX_data: 448
Sender:4
next freq:101
rssi:-44
lqi:43

TX_data: 448
Sender:4
next freq:151
rssi:-42
lqi:41

TX_data: 448
Sender:4
next freq:201
rssi:-41
lqi:42

TX_data: 448
Sender:4
next freq:251
rssi:-41
lqi:42

TX_data: 448
Sender:4
next freq:1
rssi:-41
lqi:42
