
TX_data: 72
Sender:2
next freq:51
rssi:-58
lqi:45

TX_data: 72
Sender:2
next freq:101
rssi:-57
lqi:45

TX_data: 72
Sender:2
next freq:151
rssi:-57
lqi:45

TX_data: 72
Sender:2
next freq:201
rssi:-52
lqi:45

TX_data: 72
Sender:2
next freq:251
rssi:-51
lqi:45

TX_data: 72
Sender:2
next freq:1
rssi:-47
lqi:44

TX_data: 72
Sender:3
next freq:51
rssi:-62
lqi:42

TX_data: 72
Sender:3
next freq:101
rssi:-58
lqi:43

TX_data: 72
Sender:3
next freq:151
rssi:-55
lqi:42

TX_data: 72
Sender:3
next freq:201
rssi:-56
lqi:42

TX_data: 72
Sender:3
next freq:251
rssi:-56
lqi:42

TX_data: 72
Sender:4
next freq:51
rssi:-57
lqi:46

TX_data: 72
Sender:4
next freq:101
rssi:-53
lqi:47

TX_data: 72
Sender:4
next freq:151
rssi:-49
lqi:46

TX_data: 72
Sender:4
next freq:201
rssi:-47
lqi:47

TX_data: 72
Sender:4
next freq:251
rssi:-49
lqi:46

TX_data: 72
Sender:4
next freq:1
rssi:-55
lqi:45

TX_data: 72
Sender:2
next freq:51
rssi:-41
lqi:44

TX_data: 72
Sender:2
next freq:101
rssi:-45
lqi:44

TX_data: 72
Sender:2
next freq:151
rssi:-42
lqi:44

TX_data: 72
Sender:2
next freq:201
rssi:-43
lqi:44

TX_data: 72
Sender:2
next freq:251
rssi:-43
lqi:44

TX_data: 72
Sender:3
next freq:51
rssi:-48
lqi:42

TX_data: 72
Sender:3
next freq:101
rssi:-48
lqi:43

TX_data: 72
Sender:3
next freq:151
rssi:-52
lqi:41

TX_data: 72
Sender:3
next freq:201
rssi:-68
lqi:41

TX_data: 72
Sender:3
next freq:251
rssi:-56
lqi:41

TX_data: 72
Sender:4
next freq:51
rssi:-44
lqi:46

TX_data: 72
Sender:4
next freq:101
rssi:-46
lqi:45

TX_data: 72
Sender:4
next freq:151
rssi:-47
lqi:45

TX_data: 72
Sender:4
next freq:201
rssi:-50
lqi:45

TX_data: 72
Sender:4
next freq:251
rssi:-50
lqi:44

TX_data: 72
Sender:4
next freq:1
rssi:-47
lqi:43

TX_data: 72
Sender:2
next freq:51
rssi:-44
lqi:44

TX_data: 72
Sender:2
next freq:101
rssi:-44
lqi:44

TX_data: 72
Sender:2
next freq:151
rssi:-42
lqi:44

TX_data: 72
Sender:2
next freq:201
rssi:-41
lqi:44

TX_data: 72
Sender:2
next freq:251
rssi:-42
lqi:43

TX_data: 72
Sender:3
next freq:51
rssi:-67
lqi:42

TX_data: 72
Sender:3
next freq:101
rssi:-64
lqi:42

TX_data: 72
Sender:3
next freq:151
rssi:-57
lqi:42

TX_data: 72
Sender:3
next freq:201
rssi:-52
lqi:43

TX_data: 72
Sender:3
next freq:251
rssi:-51
lqi:42

TX_data: 72
Sender:4
next freq:51
rssi:-55
lqi:43

TX_data: 72
Sender:4
next freq:101
rssi:-53
lqi:44

TX_data: 72
Sender:4
next freq:151
rssi:-53
lqi:42

TX_data: 72
Sender:4
next freq:201
rssi:-56
lqi:44

TX_data: 72
Sender:4
next freq:251
rssi:-52
lqi:43

TX_data: 72
Sender:4
next freq:1
rssi:-48
lqi:42

TX_data: 72
Sender:2
next freq:51
rssi:-52
lqi:43

TX_data: 72
Sender:2
next freq:101
rssi:-52
lqi:44

TX_data: 72
Sender:2
next freq:151
rssi:-52
lqi:44

TX_data: 72
Sender:2
next freq:201
rssi:-50
lqi:44

TX_data: 72
Sender:2
next freq:251
rssi:-52
lqi:44

TX_data: 72
Sender:2
next freq:1
rssi:-51
lqi:47

TX_data: 72
Sender:3
next freq:51
rssi:-57
lqi:43

TX_data: 72
Sender:3
next freq:101
rssi:-57
lqi:43

TX_data: 72
Sender:3
next freq:151
rssi:-58
lqi:43

TX_data: 72
Sender:3
next freq:201
rssi:-64
lqi:43

TX_data: 72
Sender:3
next freq:251
rssi:-76
lqi:43

TX_data: 72
Sender:3
next freq:1
rssi:-67
lqi:43

TX_data: 72
Sender:4
next freq:51
rssi:-60
lqi:43

TX_data: 72
Sender:4
next freq:101
rssi:-55
lqi:43

TX_data: 72
Sender:4
next freq:151
rssi:-59
lqi:42

TX_data: 72
Sender:4
next freq:201
rssi:-56
lqi:44

TX_data: 72
Sender:4
next freq:251
rssi:-57
lqi:42

TX_data: 72
Sender:4
next freq:1
rssi:-52
lqi:43

TX_data: 72
Sender:2
next freq:51
rssi:-47
lqi:44

TX_data: 72
Sender:2
next freq:101
rssi:-48
lqi:43

TX_data: 72
Sender:2
next freq:151
rssi:-49
lqi:44

TX_data: 72
Sender:2
next freq:201
rssi:-48
lqi:44

TX_data: 72
Sender:2
next freq:251
rssi:-53
lqi:44

TX_data: 72
Sender:3
next freq:51
rssi:-56
lqi:47

TX_data: 72
Sender:3
next freq:101
rssi:-62
lqi:42

TX_data: 72
Sender:3
next freq:151
rssi:-71
lqi:42

TX_data: 72
Sender:3
next freq:201
rssi:-64
lqi:42

TX_data: 72
Sender:3
next freq:251
rssi:-79
lqi:43

TX_data: 72
Sender:4
next freq:51
rssi:-59
lqi:43

TX_data: 72
Sender:4
next freq:101
rssi:-61
lqi:43

TX_data: 72
Sender:4
next freq:151
rssi:-59
lqi:43

TX_data: 72
Sender:4
next freq:201
rssi:-55
lqi:44

TX_data: 72
Sender:4
next freq:251
rssi:-61
lqi:42

TX_data: 72
Sender:4
next freq:1
rssi:-59
lqi:42

TX_data: 72
Sender:2
next freq:51
rssi:-59
lqi:43

TX_data: 72
Sender:2
next freq:101
rssi:-64
lqi:44

TX_data: 72
Sender:2
next freq:151
rssi:-80
lqi:44

TX_data: 72
Sender:2
next freq:201
rssi:-68
lqi:44

TX_data: 72
Sender:2
next freq:251
rssi:-60
lqi:45

TX_data: 72
Sender:3
next freq:51
rssi:-54
lqi:48

TX_data: 72
Sender:3
next freq:101
rssi:-53
lqi:42

TX_data: 72
Sender:3
next freq:151
rssi:-56
lqi:43

TX_data: 72
Sender:3
next freq:201
rssi:-59
lqi:43

TX_data: 72
Sender:3
next freq:251
rssi:-71
lqi:43

TX_data: 72
Sender:4
next freq:51
rssi:-57
lqi:43

TX_data: 72
Sender:4
next freq:101
rssi:-52
lqi:43

TX_data: 72
Sender:4
next freq:151
rssi:-48
lqi:42

TX_data: 72
Sender:4
next freq:201
rssi:-46
lqi:42

TX_data: 72
Sender:4
next freq:251
rssi:-48
lqi:43

TX_data: 72
Sender:4
next freq:1
rssi:-52
lqi:43

TX_data: 72
Sender:2
next freq:51
rssi:-51
lqi:44

TX_data: 72
Sender:2
next freq:101
rssi:-54
lqi:43

TX_data: 72
Sender:2
next freq:151
rssi:-58
lqi:43

TX_data: 72
Sender:2
next freq:201
rssi:-54
lqi:43

TX_data: 72
Sender:2
next freq:251
rssi:-53
lqi:43

TX_data: 72
Sender:2
next freq:1
rssi:-56
lqi:43

TX_data: 72
Sender:3
next freq:51
rssi:-62
lqi:42

TX_data: 72
Sender:3
next freq:101
rssi:-58
lqi:42

TX_data: 72
Sender:3
next freq:151
rssi:-60
lqi:42

TX_data: 72
Sender:3
next freq:201
rssi:-56
lqi:42

TX_data: 72
Sender:3
next freq:251
rssi:-57
lqi:42

TX_data: 72
Sender:3
next freq:1
rssi:-56
lqi:42

TX_data: 72
Sender:4
next freq:51
rssi:-53
lqi:45

TX_data: 72
Sender:4
next freq:101
rssi:-53
lqi:43

TX_data: 72
Sender:4
next freq:151
rssi:-56
lqi:44

TX_data: 72
Sender:4
next freq:201
rssi:-66
lqi:45

TX_data: 72
Sender:4
next freq:251
rssi:-78
lqi:46

TX_data: 72
Sender:4
next freq:1
rssi:-58
lqi:46

TX_data: 72
Sender:2
next freq:51
rssi:-45
lqi:43

TX_data: 72
Sender:2
next freq:101
rssi:-48
lqi:43

TX_data: 72
Sender:2
next freq:151
rssi:-49
lqi:43

TX_data: 72
Sender:2
next freq:201
rssi:-48
lqi:43

TX_data: 72
Sender:2
next freq:251
rssi:-47
lqi:43

TX_data: 72
Sender:2
next freq:1
rssi:-46
lqi:44

TX_data: 72
Sender:3
next freq:51
rssi:-59
lqi:42

TX_data: 72
Sender:3
next freq:101
rssi:-60
lqi:42

TX_data: 72
Sender:3
next freq:151
rssi:-61
lqi:42

TX_data: 72
Sender:3
next freq:201
rssi:-57
lqi:41

TX_data: 72
Sender:3
next freq:251
rssi:-60
lqi:42

TX_data: 72
Sender:3
next freq:1
rssi:-67
lqi:42

TX_data: 72
Sender:4
next freq:51
rssi:-41
lqi:43

TX_data: 72
Sender:4
next freq:101
rssi:-41
lqi:43

TX_data: 72
Sender:4
next freq:151
rssi:-41
lqi:44

TX_data: 72
Sender:4
next freq:201
rssi:-42
lqi:43

TX_data: 72
Sender:4
next freq:251
rssi:-48
lqi:45

TX_data: 72
Sender:4
next freq:1
rssi:-53
lqi:45

TX_data: 72
Sender:2
next freq:51
rssi:-49
lqi:44

TX_data: 72
Sender:2
next freq:101
rssi:-49
lqi:44

TX_data: 72
Sender:2
next freq:151
rssi:-52
lqi:44

TX_data: 72
Sender:2
next freq:201
rssi:-52
lqi:43

TX_data: 72
Sender:2
next freq:251
rssi:-57
lqi:43

TX_data: 72
Sender:2
next freq:1
rssi:-57
lqi:44

TX_data: 72
Sender:3
next freq:51
rssi:-56
lqi:42

TX_data: 72
Sender:3
next freq:101
rssi:-52
lqi:42

TX_data: 72
Sender:3
next freq:151
rssi:-51
lqi:42

TX_data: 72
Sender:3
next freq:201
rssi:-53
lqi:41

TX_data: 72
Sender:3
next freq:251
rssi:-56
lqi:42

TX_data: 72
Sender:4
next freq:51
rssi:-44
lqi:44

TX_data: 72
Sender:4
next freq:101
rssi:-45
lqi:45

TX_data: 72
Sender:4
next freq:151
rssi:-45
lqi:45

TX_data: 72
Sender:4
next freq:201
rssi:-45
lqi:43

TX_data: 72
Sender:4
next freq:251
rssi:-44
lqi:45

TX_data: 72
Sender:4
next freq:1
rssi:-45
lqi:44

TX_data: 72
Sender:2
next freq:51
rssi:-65
lqi:44

TX_data: 72
Sender:2
next freq:101
rssi:-60
lqi:44

TX_data: 72
Sender:2
next freq:151
rssi:-53
lqi:44

TX_data: 72
Sender:2
next freq:201
rssi:-52
lqi:44

TX_data: 72
Sender:2
next freq:251
rssi:-55
lqi:44

TX_data: 72
Sender:3
next freq:51
rssi:-56
lqi:43

TX_data: 72
Sender:3
next freq:101
rssi:-59
lqi:43

TX_data: 72
Sender:3
next freq:151
rssi:-58
lqi:44

TX_data: 72
Sender:3
next freq:201
rssi:-55
lqi:44

TX_data: 72
Sender:3
next freq:251
rssi:-51
lqi:44

TX_data: 72
Sender:4
next freq:51
rssi:-46
lqi:43

TX_data: 72
Sender:4
next freq:101
rssi:-48
lqi:43

TX_data: 72
Sender:4
next freq:151
rssi:-47
lqi:43

TX_data: 72
Sender:4
next freq:201
rssi:-45
lqi:43

TX_data: 72
Sender:4
next freq:251
rssi:-44
lqi:43

TX_data: 72
Sender:4
next freq:1
rssi:-43
lqi:42

TX_data: 72
Sender:2
next freq:51
rssi:-44
lqi:44

TX_data: 72
Sender:2
next freq:101
rssi:-47
lqi:44

TX_data: 72
Sender:2
next freq:151
rssi:-48
lqi:44

TX_data: 72
Sender:2
next freq:201
rssi:-49
lqi:44

TX_data: 72
Sender:2
next freq:251
rssi:-50
lqi:45

TX_data: 72
Sender:3
next freq:51
rssi:-49
lqi:43

TX_data: 72
Sender:3
next freq:101
rssi:-47
lqi:43

TX_data: 72
Sender:3
next freq:151
rssi:-49
lqi:43

TX_data: 72
Sender:3
next freq:201
rssi:-51
lqi:42

TX_data: 72
Sender:3
next freq:251
rssi:-49
lqi:43

TX_data: 72
Sender:4
next freq:51
rssi:-44
lqi:42

TX_data: 72
Sender:4
next freq:101
rssi:-46
lqi:43

TX_data: 72
Sender:4
next freq:151
rssi:-47
lqi:43

TX_data: 72
Sender:4
next freq:201
rssi:-47
lqi:43

TX_data: 72
Sender:4
next freq:251
rssi:-49
lqi:44

TX_data: 72
Sender:4
next freq:1
rssi:-47
lqi:42

TX_data: 72
Sender:2
next freq:51
rssi:-59
lqi:43

TX_data: 72
Sender:2
next freq:101
rssi:-59
lqi:43

TX_data: 72
Sender:2
next freq:151
rssi:-60
lqi:43

TX_data: 72
Sender:2
next freq:201
rssi:-59
lqi:44

TX_data: 72
Sender:2
next freq:251
rssi:-56
lqi:44

TX_data: 72
Sender:2
next freq:1
rssi:-50
lqi:44

TX_data: 72
Sender:3
next freq:51
rssi:-53
lqi:43

TX_data: 72
Sender:3
next freq:101
rssi:-56
lqi:41

TX_data: 72
Sender:3
next freq:151
rssi:-55
lqi:43

TX_data: 72
Sender:3
next freq:201
rssi:-58
lqi:43

TX_data: 72
Sender:3
next freq:251
rssi:-59
lqi:42

TX_data: 72
Sender:4
next freq:51
rssi:-51
lqi:45

TX_data: 72
Sender:4
next freq:101
rssi:-52
lqi:43

TX_data: 72
Sender:4
next freq:151
rssi:-52
lqi:43

TX_data: 72
Sender:4
next freq:201
rssi:-53
lqi:42

TX_data: 72
Sender:4
next freq:251
rssi:-61
lqi:43

TX_data: 72
Sender:4
next freq:1
rssi:-54
lqi:43

TX_data: 72
Sender:2
next freq:51
rssi:-49
lqi:44

TX_data: 72
Sender:2
next freq:101
rssi:-47
lqi:44

TX_data: 72
Sender:2
next freq:151
rssi:-46
lqi:44

TX_data: 72
Sender:2
next freq:201
rssi:-49
lqi:43

TX_data: 72
Sender:2
next freq:251
rssi:-46
lqi:43

TX_data: 72
Sender:2
next freq:1
rssi:-46
lqi:43

TX_data: 72
Sender:3
next freq:51
rssi:-52
lqi:42

TX_data: 72
Sender:3
next freq:101
rssi:-50
lqi:43

TX_data: 72
Sender:3
next freq:151
rssi:-48
lqi:42

TX_data: 72
Sender:3
next freq:201
rssi:-47
lqi:42

TX_data: 72
Sender:3
next freq:251
rssi:-48
lqi:42

TX_data: 72
Sender:3
next freq:1
rssi:-47
lqi:42

TX_data: 72
Sender:4
next freq:51
rssi:-60
lqi:43

TX_data: 72
Sender:4
next freq:101
rssi:-66
lqi:43

TX_data: 72
Sender:4
next freq:151
rssi:-77
lqi:43

TX_data: 72
Sender:4
next freq:201
rssi:-68
lqi:44

TX_data: 72
Sender:4
next freq:251
rssi:-75
lqi:43

TX_data: 72
Sender:4
next freq:1
rssi:-69
lqi:43

TX_data: 72
Sender:2
next freq:51
rssi:-52
lqi:44

TX_data: 72
Sender:2
next freq:101
rssi:-56
lqi:44

TX_data: 72
Sender:2
next freq:151
rssi:-52
lqi:44

TX_data: 72
Sender:2
next freq:201
rssi:-52
lqi:44

TX_data: 72
Sender:2
next freq:251
rssi:-56
lqi:44

TX_data: 72
Sender:3
next freq:51
rssi:-56
lqi:43

TX_data: 72
Sender:3
next freq:101
rssi:-58
lqi:42

TX_data: 72
Sender:3
next freq:151
rssi:-60
lqi:41

TX_data: 72
Sender:3
next freq:201
rssi:-60
lqi:43

TX_data: 72
Sender:3
next freq:251
rssi:-66
lqi:42

TX_data: 72
Sender:4
next freq:51
rssi:-56
lqi:46

TX_data: 72
Sender:4
next freq:101
rssi:-47
lqi:45

TX_data: 72
Sender:4
next freq:151
rssi:-48
lqi:43

TX_data: 72
Sender:4
next freq:201
rssi:-49
lqi:44

TX_data: 72
Sender:4
next freq:251
rssi:-52
lqi:45

TX_data: 72
Sender:4
next freq:1
rssi:-50
lqi:43

TX_data: 72
Sender:2
next freq:51
rssi:-47
lqi:44

TX_data: 72
Sender:2
next freq:101
rssi:-48
lqi:44

TX_data: 72
Sender:2
next freq:151
rssi:-47
lqi:44

TX_data: 72
Sender:2
next freq:201
rssi:-47
lqi:44

TX_data: 72
Sender:2
next freq:251
rssi:-47
lqi:44

TX_data: 72
Sender:2
next freq:1
rssi:-46
lqi:44

TX_data: 72
Sender:3
next freq:51
rssi:-53
lqi:42

TX_data: 72
Sender:3
next freq:101
rssi:-55
lqi:41

TX_data: 72
Sender:3
next freq:151
rssi:-55
lqi:41

TX_data: 72
Sender:3
next freq:201
rssi:-58
lqi:41

TX_data: 72
Sender:3
next freq:251
rssi:-59
lqi:41

TX_data: 72
Sender:3
next freq:1
rssi:-55
lqi:41

TX_data: 72
Sender:4
next freq:51
rssi:-52
lqi:44

TX_data: 72
Sender:4
next freq:101
rssi:-53
lqi:45

TX_data: 72
Sender:4
next freq:151
rssi:-56
lqi:45

TX_data: 72
Sender:4
next freq:201
rssi:-59
lqi:45

TX_data: 72
Sender:4
next freq:251
rssi:-71
lqi:44

TX_data: 72
Sender:4
next freq:1
rssi:-59
lqi:45

TX_data: 72
Sender:2
next freq:51
rssi:-63
lqi:44

TX_data: 72
Sender:2
next freq:101
rssi:-62
lqi:43

TX_data: 72
Sender:2
next freq:151
rssi:-60
lqi:44

TX_data: 72
Sender:2
next freq:201
rssi:-64
lqi:43

TX_data: 72
Sender:2
next freq:251
rssi:-58
lqi:44

TX_data: 72
Sender:2
next freq:1
rssi:-54
lqi:44

TX_data: 72
Sender:3
next freq:51
rssi:-48
lqi:43

TX_data: 72
Sender:3
next freq:101
rssi:-46
lqi:41

TX_data: 72
Sender:3
next freq:151
rssi:-45
lqi:43

TX_data: 72
Sender:3
next freq:201
rssi:-46
lqi:43

TX_data: 72
Sender:3
next freq:251
rssi:-44
lqi:43

TX_data: 72
Sender:3
next freq:1
rssi:-44
lqi:42

TX_data: 72
Sender:4
next freq:51
rssi:-51
lqi:44

TX_data: 72
Sender:4
next freq:101
rssi:-48
lqi:42

TX_data: 72
Sender:4
next freq:151
rssi:-45
lqi:45

TX_data: 72
Sender:4
next freq:201
rssi:-42
lqi:42

TX_data: 72
Sender:4
next freq:251
rssi:-42
lqi:42

TX_data: 72
Sender:4
next freq:1
rssi:-43
lqi:44

TX_data: 72
Sender:2
next freq:51
rssi:-58
lqi:44

TX_data: 72
Sender:2
next freq:101
rssi:-57
lqi:43

TX_data: 72
Sender:2
next freq:151
rssi:-55
lqi:43

TX_data: 72
Sender:2
next freq:201
rssi:-56
lqi:43

TX_data: 72
Sender:2
next freq:251
rssi:-60
lqi:44

TX_data: 72
Sender:2
next freq:1
rssi:-63
lqi:44

TX_data: 72
Sender:3
next freq:51
rssi:-55
lqi:42

TX_data: 72
Sender:3
next freq:101
rssi:-55
lqi:42

TX_data: 72
Sender:3
next freq:151
rssi:-52
lqi:43

TX_data: 72
Sender:3
next freq:201
rssi:-49
lqi:43

TX_data: 72
Sender:3
next freq:251
rssi:-49
lqi:42

TX_data: 72
Sender:3
next freq:1
rssi:-50
lqi:42

TX_data: 72
Sender:4
next freq:51
rssi:-58
lqi:43

TX_data: 72
Sender:4
next freq:101
rssi:-58
lqi:42

TX_data: 72
Sender:4
next freq:151
rssi:-55
lqi:43

TX_data: 72
Sender:4
next freq:201
rssi:-58
lqi:43

TX_data: 72
Sender:4
next freq:251
rssi:-58
lqi:43

TX_data: 72
Sender:4
next freq:1
rssi:-60
lqi:43
