-53, -50, -50, -51, -57, -67 
1.668
5.293
158
light 1!!

-53, -50, -50, -52, -58, -66 
1.744
5.708
149
light 1!!

-54 -,50 -,49 -,52 -,58 -,67 
1.715
5.549
152
light 1!!

-54, -50, -49, -52, -58, -68 
1.791
5.982
143
light 1!!

-54, -50, -49, -51, -58, -68 
1.726
5.609
151
light 1!!

-53, -50, -49, -52, -58, -68 
1.859
6.401
135
light 1!!

-53, -50, -49, -51, -58, -69 
1.870
6.469
133
light 1!!

-53, -50, -50, -51, -58, -80 
2.737
15.107
62
light 1!!

-53, -50, -48, -50, -58, -68 
1.694
5.432
155
light 1!!

-54, -51, -48, -51, -58, -71 
2.114
8.235
108
light 1!!

-54, -51, -48, -51, -58, -70 
2.038
7.644
115
light 1!!

-54, -50, -48, -51, -58, -70 
1.841
6.290
137
light 1!!

-54, -51, -48, -51, -58, -73 
2.265
9.554
94
light 1!!

-54, -50, -48, -50, -59, -68 
1.712
5.533
153
light 1!!

-54, -51, -48, -50, -60, -68 
1.996
7.331
120
light 1!!

-53, -51, -48, -51, -58, -71 
2.182
8.807
101
light 1!!

-54, -51, -49, -51, -59, -72 
2.312
10.004
90
light 1!!

-54, -51, -48, -51, -58, -71 
2.114
8.235
108
light 1!!

-54, -51, -48, -50, -61, -68 
2.083
7.987
111
light 1!!

-53, -50, -48, -51, -59, -70 
1.996
7.333
119
light 1!!

-54, -50, -48, -51, -59, -70 
1.928
6.855
127
light 1!!

-54, -51, -48, -50, -59, -70 
2.060
7.811
113
light 1!!

-54, -51, -48, -50, -59, -72 
2.212
9.065
99
light 1!!

-54, -51, -48, -50, -59, -72 
2.212
9.065
99
light 1!!

-54, -51, -48, -51, -59, -68 
1.974
7.173
122
light 1!!

-54, -50, -48, -51, -59, -68 
1.777
5.901
144
light 1!!

-54, -50, -49, -51, -59, -73 
2.191
8.880
101
light 1!!

-54, -51, -48, -51, -58, -71 
2.114
8.235
108
light 1!!

-54, -51, -48, -50, -59, -71 
2.136
8.415
106
light 1!!

-54, -50, -48, -50, -59, -71 
1.939
6.928
126
light 1!!

-54, -50, -48, -50, -58, -71 
1.852
6.357
135
light 1!!

-54, -51, -48, -49, -57, -70 
1.822
6.170
139
light 1!!

-54, -50, -50, -50, -58, -75 
2.226
9.193
98
light 1!!
